<?xml version="1.0" encoding="UTF-8"?>
<!-- Generated by org.testng.reporters.JUnitXMLReporter -->
<testsuite ignored="0" hostname="DESKTOP-B0D0J2Q" failures="1" tests="13" name="Default test" time="1.608" errors="0" timestamp="2024-04-07T00:10:32 ICT">
  <testcase classname="TestNGDAO.TestPhanLoaiSanPhamDAO" name="testDeleteWithEmptyModel" time="0.801"/>
  <testcase classname="TestNGDAO.TestPhanLoaiSanPhamDAO" name="testDeleteWithNullModel" time="0.067"/>
  <testcase classname="TestNGDAO.TestPhanLoaiSanPhamDAO" name="testDeleteWithValidModel" time="0.05"/>
  <testcase classname="TestNGDAO.TestPhanLoaiSanPhamDAO" name="testInsertWithEmptyModel" time="0.059"/>
  <testcase classname="TestNGDAO.TestPhanLoaiSanPhamDAO" name="testInsertWithNullModel" time="0.097">
    <failure type="java.lang.RuntimeException" message="com.microsoft.sqlserver.jdbc.SQLServerException: Cannot insert the value NULL into column &amp;apos;MaLoai&amp;apos;, table &amp;apos;QLShop.dbo.PhanLoaiSanPham&amp;apos;; column does not allow nulls. INSERT fails.">
      <![CDATA[java.lang.RuntimeException: com.microsoft.sqlserver.jdbc.SQLServerException: Cannot insert the value NULL into column 'MaLoai', table 'QLShop.dbo.PhanLoaiSanPham'; column does not allow nulls. INSERT fails.
at com.fsm.utils.jdbcHelper.Update(jdbcHelper.java:51)
at ShopQuanLyAoQuan.dao.PhanLoaiSanPhamDAO.insert(PhanLoaiSanPhamDAO.java:27)
at TestNGDAO.TestPhanLoaiSanPhamDAO.testInsertWithNullModel(TestPhanLoaiSanPhamDAO.java:39)
at java.base/jdk.internal.reflect.DirectMethodHandleAccessor.invoke(DirectMethodHandleAccessor.java:103)
at java.base/java.lang.reflect.Method.invoke(Method.java:580)
at org.testng.internal.MethodInvocationHelper.invokeMethod(MethodInvocationHelper.java:133)
at org.testng.internal.TestInvoker.invokeMethod(TestInvoker.java:598)
at org.testng.internal.TestInvoker.invokeTestMethod(TestInvoker.java:173)
at org.testng.internal.MethodRunner.runInSequence(MethodRunner.java:46)
at org.testng.internal.TestInvoker$MethodInvocationAgent.invoke(TestInvoker.java:824)
at org.testng.internal.TestInvoker.invokeTestMethods(TestInvoker.java:146)
at org.testng.internal.TestMethodWorker.invokeTestMethods(TestMethodWorker.java:146)
at org.testng.internal.TestMethodWorker.run(TestMethodWorker.java:128)
at java.base/java.util.ArrayList.forEach(ArrayList.java:1596)
at org.testng.TestRunner.privateRun(TestRunner.java:794)
at org.testng.TestRunner.run(TestRunner.java:596)
at org.testng.SuiteRunner.runTest(SuiteRunner.java:377)
at org.testng.SuiteRunner.runSequentially(SuiteRunner.java:371)
at org.testng.SuiteRunner.privateRun(SuiteRunner.java:332)
at org.testng.SuiteRunner.run(SuiteRunner.java:276)
at org.testng.SuiteRunnerWorker.runSuite(SuiteRunnerWorker.java:53)
at org.testng.SuiteRunnerWorker.run(SuiteRunnerWorker.java:96)
at org.testng.TestNG.runSuitesSequentially(TestNG.java:1212)
at org.testng.TestNG.runSuitesLocally(TestNG.java:1134)
at org.testng.TestNG.runSuites(TestNG.java:1063)
at org.testng.TestNG.run(TestNG.java:1031)
at org.testng.remote.AbstractRemoteTestNG.run(AbstractRemoteTestNG.java:115)
at org.testng.remote.RemoteTestNG.initAndRun(RemoteTestNG.java:251)
at org.testng.remote.RemoteTestNG.main(RemoteTestNG.java:77)
Caused by: com.microsoft.sqlserver.jdbc.SQLServerException: Cannot insert the value NULL into column 'MaLoai', table 'QLShop.dbo.PhanLoaiSanPham'; column does not allow nulls. INSERT fails.
at com.microsoft.sqlserver.jdbc.SQLServerException.makeFromDatabaseError(SQLServerException.java:261)
at com.microsoft.sqlserver.jdbc.SQLServerStatement.getNextResult(SQLServerStatement.java:1752)
at com.microsoft.sqlserver.jdbc.SQLServerPreparedStatement.doExecutePreparedStatement(SQLServerPreparedStatement.java:675)
at com.microsoft.sqlserver.jdbc.SQLServerPreparedStatement$PrepStmtExecCmd.doExecute(SQLServerPreparedStatement.java:594)
at com.microsoft.sqlserver.jdbc.TDSCommand.execute(IOBuffer.java:7739)
at com.microsoft.sqlserver.jdbc.SQLServerConnection.executeCommand(SQLServerConnection.java:4384)
at com.microsoft.sqlserver.jdbc.SQLServerStatement.executeCommand(SQLServerStatement.java:293)
at com.microsoft.sqlserver.jdbc.SQLServerStatement.executeStatement(SQLServerStatement.java:263)
at com.microsoft.sqlserver.jdbc.SQLServerPreparedStatement.executeUpdate(SQLServerPreparedStatement.java:537)
at com.fsm.utils.jdbcHelper.Update(jdbcHelper.java:46)
... 28 more
]]>
    </failure>
  </testcase> <!-- testInsertWithNullModel -->
  <testcase classname="TestNGDAO.TestPhanLoaiSanPhamDAO" name="testInsertWithValidModel" time="0.056"/>
  <testcase classname="TestNGDAO.TestPhanLoaiSanPhamDAO" name="testMaLoaiExists" time="0.117"/>
  <testcase classname="TestNGDAO.TestPhanLoaiSanPhamDAO" name="testSelectAll" time="0.048"/>
  <testcase classname="TestNGDAO.TestPhanLoaiSanPhamDAO" name="testSelectById" time="0.037"/>
  <testcase classname="TestNGDAO.TestPhanLoaiSanPhamDAO" name="testTenLoaiExists" time="0.034"/>
  <testcase classname="TestNGDAO.TestPhanLoaiSanPhamDAO" name="testUpdateWithEmptyModel" time="0.035"/>
  <testcase classname="TestNGDAO.TestPhanLoaiSanPhamDAO" name="testUpdateWithNullModel" time="0.031"/>
  <testcase classname="TestNGDAO.TestPhanLoaiSanPhamDAO" name="testUpdateWithValidModel" time="0.033"/>
</testsuite> <!-- Default test -->
