<?xml version="1.0" encoding="UTF-8"?>
<!-- Generated by org.testng.reporters.JUnitXMLReporter -->
<testsuite ignored="0" hostname="DESKTOP-B0D0J2Q" failures="12" tests="105" name="Test" time="4.821" errors="0" timestamp="2024-04-07T00:13:24 ICT">
  <testcase classname="ShopQuanLyAoQuan.entity.test.DonHangTest" name="getGhiChuTest" time="0.018"/>
  <testcase classname="ShopQuanLyAoQuan.entity.test.DonHangTest" name="getMaDHTest" time="0.003"/>
  <testcase classname="ShopQuanLyAoQuan.entity.test.DonHangTest" name="getMaKHTest" time="0.005"/>
  <testcase classname="ShopQuanLyAoQuan.entity.test.DonHangTest" name="getMaNVTest" time="0.002"/>
  <testcase classname="ShopQuanLyAoQuan.entity.test.DonHangTest" name="getNgayLapTest" time="0.002"/>
  <testcase classname="ShopQuanLyAoQuan.entity.test.DonHangTest" name="getTongTienTest" time="0.003"/>
  <testcase classname="ShopQuanLyAoQuan.entity.test.DonHangTest" name="setGhiChuTest" time="0.003"/>
  <testcase classname="ShopQuanLyAoQuan.entity.test.DonHangTest" name="setMaDHTest" time="0.003"/>
  <testcase classname="ShopQuanLyAoQuan.entity.test.DonHangTest" name="setMaKHTest" time="0.003"/>
  <testcase classname="ShopQuanLyAoQuan.entity.test.DonHangTest" name="setMaNVTest" time="0.002"/>
  <testcase classname="ShopQuanLyAoQuan.entity.test.DonHangTest" name="setNgayLapTest" time="0.065"/>
  <testcase classname="ShopQuanLyAoQuan.entity.test.DonHangTest" name="setNgayLap_withInvalidDate" time="0.002"/>
  <testcase classname="ShopQuanLyAoQuan.entity.test.DonHangTest" name="setTongTienTest" time="0.002"/>
  <testcase classname="TestNGDAO.TestPhanLoaiSanPhamDAO" name="testDeleteWithEmptyModel" time="1.096"/>
  <testcase classname="TestNGDAO.TestPhanLoaiSanPhamDAO" name="testDeleteWithNullModel" time="0.077"/>
  <testcase classname="TestNGDAO.TestPhanLoaiSanPhamDAO" name="testDeleteWithValidModel" time="0.073"/>
  <testcase classname="TestNGDAO.TestPhanLoaiSanPhamDAO" name="testInsertWithEmptyModel" time="0.058"/>
  <testcase classname="TestNGDAO.TestPhanLoaiSanPhamDAO" name="testInsertWithNullModel" time="0.051">
    <failure type="java.lang.RuntimeException" message="com.microsoft.sqlserver.jdbc.SQLServerException: Cannot insert the value NULL into column &amp;apos;MaLoai&amp;apos;, table &amp;apos;QLShop.dbo.PhanLoaiSanPham&amp;apos;; column does not allow nulls. INSERT fails.">
      <![CDATA[java.lang.RuntimeException: com.microsoft.sqlserver.jdbc.SQLServerException: Cannot insert the value NULL into column 'MaLoai', table 'QLShop.dbo.PhanLoaiSanPham'; column does not allow nulls. INSERT fails.
at com.fsm.utils.jdbcHelper.Update(jdbcHelper.java:51)
at ShopQuanLyAoQuan.dao.PhanLoaiSanPhamDAO.insert(PhanLoaiSanPhamDAO.java:27)
at TestNGDAO.TestPhanLoaiSanPhamDAO.testInsertWithNullModel(TestPhanLoaiSanPhamDAO.java:39)
at java.base/java.util.ArrayList.forEach(ArrayList.java:1596)
Caused by: com.microsoft.sqlserver.jdbc.SQLServerException: Cannot insert the value NULL into column 'MaLoai', table 'QLShop.dbo.PhanLoaiSanPham'; column does not allow nulls. INSERT fails.
at com.microsoft.sqlserver.jdbc.SQLServerException.makeFromDatabaseError(SQLServerException.java:261)
at com.microsoft.sqlserver.jdbc.SQLServerStatement.getNextResult(SQLServerStatement.java:1752)
at com.microsoft.sqlserver.jdbc.SQLServerPreparedStatement.doExecutePreparedStatement(SQLServerPreparedStatement.java:675)
at com.microsoft.sqlserver.jdbc.SQLServerPreparedStatement$PrepStmtExecCmd.doExecute(SQLServerPreparedStatement.java:594)
at com.microsoft.sqlserver.jdbc.TDSCommand.execute(IOBuffer.java:7739)
at com.microsoft.sqlserver.jdbc.SQLServerConnection.executeCommand(SQLServerConnection.java:4384)
at com.microsoft.sqlserver.jdbc.SQLServerStatement.executeCommand(SQLServerStatement.java:293)
at com.microsoft.sqlserver.jdbc.SQLServerStatement.executeStatement(SQLServerStatement.java:263)
at com.microsoft.sqlserver.jdbc.SQLServerPreparedStatement.executeUpdate(SQLServerPreparedStatement.java:537)
at com.fsm.utils.jdbcHelper.Update(jdbcHelper.java:46)
... 28 more
... Removed 25 stack frames]]>
    </failure>
  </testcase> <!-- testInsertWithNullModel -->
  <testcase classname="TestNGDAO.TestPhanLoaiSanPhamDAO" name="testInsertWithValidModel" time="0.05"/>
  <testcase classname="TestNGDAO.TestPhanLoaiSanPhamDAO" name="testMaLoaiExists" time="0.107"/>
  <testcase classname="TestNGDAO.TestPhanLoaiSanPhamDAO" name="testSelectAll" time="0.054"/>
  <testcase classname="TestNGDAO.TestPhanLoaiSanPhamDAO" name="testSelectById" time="0.098"/>
  <testcase classname="TestNGDAO.TestPhanLoaiSanPhamDAO" name="testTenLoaiExists" time="0.063"/>
  <testcase classname="TestNGDAO.TestPhanLoaiSanPhamDAO" name="testUpdateWithEmptyModel" time="0.039"/>
  <testcase classname="TestNGDAO.TestPhanLoaiSanPhamDAO" name="testUpdateWithNullModel" time="0.028"/>
  <testcase classname="TestNGDAO.TestPhanLoaiSanPhamDAO" name="testUpdateWithValidModel" time="0.026"/>
  <testcase classname="TestNGDAO.TestSanPhamDAO" name="testDeleteWithEmptyModel" time="0.051"/>
  <testcase classname="TestNGDAO.TestSanPhamDAO" name="testDeleteWithNullModel" time="0.04"/>
  <testcase classname="TestNGDAO.TestSanPhamDAO" name="testDeleteWithValidModel" time="0.042"/>
  <testcase classname="TestNGDAO.TestSanPhamDAO" name="testInsertWithEmptyModel" time="0.044">
    <failure type="java.lang.RuntimeException" message="com.microsoft.sqlserver.jdbc.SQLServerException: Cannot insert the value NULL into column &amp;apos;MaLoai&amp;apos;, table &amp;apos;QLShop.dbo.SanPham&amp;apos;; column does not allow nulls. INSERT fails.">
      <![CDATA[java.lang.RuntimeException: com.microsoft.sqlserver.jdbc.SQLServerException: Cannot insert the value NULL into column 'MaLoai', table 'QLShop.dbo.SanPham'; column does not allow nulls. INSERT fails.
at com.fsm.utils.jdbcHelper.Update(jdbcHelper.java:51)
at ShopQuanLyAoQuan.dao.SanPhamDAO.insert(SanPhamDAO.java:26)
at TestNGDAO.TestSanPhamDAO.testInsertWithEmptyModel(TestSanPhamDAO.java:44)
at java.base/java.util.ArrayList.forEach(ArrayList.java:1596)
Caused by: com.microsoft.sqlserver.jdbc.SQLServerException: Cannot insert the value NULL into column 'MaLoai', table 'QLShop.dbo.SanPham'; column does not allow nulls. INSERT fails.
at com.microsoft.sqlserver.jdbc.SQLServerException.makeFromDatabaseError(SQLServerException.java:261)
at com.microsoft.sqlserver.jdbc.SQLServerStatement.getNextResult(SQLServerStatement.java:1752)
at com.microsoft.sqlserver.jdbc.SQLServerPreparedStatement.doExecutePreparedStatement(SQLServerPreparedStatement.java:675)
at com.microsoft.sqlserver.jdbc.SQLServerPreparedStatement$PrepStmtExecCmd.doExecute(SQLServerPreparedStatement.java:594)
at com.microsoft.sqlserver.jdbc.TDSCommand.execute(IOBuffer.java:7739)
at com.microsoft.sqlserver.jdbc.SQLServerConnection.executeCommand(SQLServerConnection.java:4384)
at com.microsoft.sqlserver.jdbc.SQLServerStatement.executeCommand(SQLServerStatement.java:293)
at com.microsoft.sqlserver.jdbc.SQLServerStatement.executeStatement(SQLServerStatement.java:263)
at com.microsoft.sqlserver.jdbc.SQLServerPreparedStatement.executeUpdate(SQLServerPreparedStatement.java:537)
at com.fsm.utils.jdbcHelper.Update(jdbcHelper.java:46)
... 28 more
... Removed 25 stack frames]]>
    </failure>
  </testcase> <!-- testInsertWithEmptyModel -->
  <testcase classname="TestNGDAO.TestSanPhamDAO" name="testInsertWithNullModel" time="0.043">
    <failure type="java.lang.RuntimeException" message="com.microsoft.sqlserver.jdbc.SQLServerException: Cannot insert the value NULL into column &amp;apos;MaSP&amp;apos;, table &amp;apos;QLShop.dbo.SanPham&amp;apos;; column does not allow nulls. INSERT fails.">
      <![CDATA[java.lang.RuntimeException: com.microsoft.sqlserver.jdbc.SQLServerException: Cannot insert the value NULL into column 'MaSP', table 'QLShop.dbo.SanPham'; column does not allow nulls. INSERT fails.
at com.fsm.utils.jdbcHelper.Update(jdbcHelper.java:51)
at ShopQuanLyAoQuan.dao.SanPhamDAO.insert(SanPhamDAO.java:26)
at TestNGDAO.TestSanPhamDAO.testInsertWithNullModel(TestSanPhamDAO.java:36)
at java.base/java.util.ArrayList.forEach(ArrayList.java:1596)
Caused by: com.microsoft.sqlserver.jdbc.SQLServerException: Cannot insert the value NULL into column 'MaSP', table 'QLShop.dbo.SanPham'; column does not allow nulls. INSERT fails.
at com.microsoft.sqlserver.jdbc.SQLServerException.makeFromDatabaseError(SQLServerException.java:261)
at com.microsoft.sqlserver.jdbc.SQLServerStatement.getNextResult(SQLServerStatement.java:1752)
at com.microsoft.sqlserver.jdbc.SQLServerPreparedStatement.doExecutePreparedStatement(SQLServerPreparedStatement.java:675)
at com.microsoft.sqlserver.jdbc.SQLServerPreparedStatement$PrepStmtExecCmd.doExecute(SQLServerPreparedStatement.java:594)
at com.microsoft.sqlserver.jdbc.TDSCommand.execute(IOBuffer.java:7739)
at com.microsoft.sqlserver.jdbc.SQLServerConnection.executeCommand(SQLServerConnection.java:4384)
at com.microsoft.sqlserver.jdbc.SQLServerStatement.executeCommand(SQLServerStatement.java:293)
at com.microsoft.sqlserver.jdbc.SQLServerStatement.executeStatement(SQLServerStatement.java:263)
at com.microsoft.sqlserver.jdbc.SQLServerPreparedStatement.executeUpdate(SQLServerPreparedStatement.java:537)
at com.fsm.utils.jdbcHelper.Update(jdbcHelper.java:46)
... 28 more
... Removed 25 stack frames]]>
    </failure>
  </testcase> <!-- testInsertWithNullModel -->
  <testcase classname="TestNGDAO.TestSanPhamDAO" name="testInsertWithValidModel" time="0.072"/>
  <testcase classname="TestNGDAO.TestSanPhamDAO" name="testSelectAll" time="0.042"/>
  <testcase classname="TestNGDAO.TestSanPhamDAO" name="testSelectById" time="0.049"/>
  <testcase classname="TestNGDAO.TestSanPhamDAO" name="testSelectByTenSP" time="0.048"/>
  <testcase classname="TestNGDAO.TestSanPhamDAO" name="testTimKiemByMaSPOrTenSP" time="0.043"/>
  <testcase classname="TestNGDAO.TestSanPhamDAO" name="testUpdateWithEmptyModel" time="0.05"/>
  <testcase classname="TestNGDAO.TestSanPhamDAO" name="testUpdateWithNullModel" time="0.051"/>
  <testcase classname="TestNGDAO.TestSanPhamDAO" name="testUpdateWithValidModel" time="0.052"/>
  <testcase classname="TestNGDAO.TestDonHangDAO" name="testDeleteWithEmptyModel" time="0.047"/>
  <testcase classname="TestNGDAO.TestDonHangDAO" name="testDeleteWithNullModel" time="0.031"/>
  <testcase classname="TestNGDAO.TestDonHangDAO" name="testDeleteWithValidModel" time="0.037"/>
  <testcase classname="TestNGDAO.TestDonHangDAO" name="testInsertWithEmptyModel" time="0.041">
    <failure type="java.lang.RuntimeException" message="com.microsoft.sqlserver.jdbc.SQLServerException: Cannot insert the value NULL into column &amp;apos;MaKH&amp;apos;, table &amp;apos;QLShop.dbo.DonHang&amp;apos;; column does not allow nulls. INSERT fails.">
      <![CDATA[java.lang.RuntimeException: com.microsoft.sqlserver.jdbc.SQLServerException: Cannot insert the value NULL into column 'MaKH', table 'QLShop.dbo.DonHang'; column does not allow nulls. INSERT fails.
at com.fsm.utils.jdbcHelper.Update(jdbcHelper.java:51)
at ShopQuanLyAoQuan.dao.DonHangDAO.insert(DonHangDAO.java:31)
at TestNGDAO.TestDonHangDAO.testInsertWithEmptyModel(TestDonHangDAO.java:46)
at java.base/java.util.ArrayList.forEach(ArrayList.java:1596)
Caused by: com.microsoft.sqlserver.jdbc.SQLServerException: Cannot insert the value NULL into column 'MaKH', table 'QLShop.dbo.DonHang'; column does not allow nulls. INSERT fails.
at com.microsoft.sqlserver.jdbc.SQLServerException.makeFromDatabaseError(SQLServerException.java:261)
at com.microsoft.sqlserver.jdbc.SQLServerStatement.getNextResult(SQLServerStatement.java:1752)
at com.microsoft.sqlserver.jdbc.SQLServerPreparedStatement.doExecutePreparedStatement(SQLServerPreparedStatement.java:675)
at com.microsoft.sqlserver.jdbc.SQLServerPreparedStatement$PrepStmtExecCmd.doExecute(SQLServerPreparedStatement.java:594)
at com.microsoft.sqlserver.jdbc.TDSCommand.execute(IOBuffer.java:7739)
at com.microsoft.sqlserver.jdbc.SQLServerConnection.executeCommand(SQLServerConnection.java:4384)
at com.microsoft.sqlserver.jdbc.SQLServerStatement.executeCommand(SQLServerStatement.java:293)
at com.microsoft.sqlserver.jdbc.SQLServerStatement.executeStatement(SQLServerStatement.java:263)
at com.microsoft.sqlserver.jdbc.SQLServerPreparedStatement.executeUpdate(SQLServerPreparedStatement.java:537)
at com.fsm.utils.jdbcHelper.Update(jdbcHelper.java:46)
... 28 more
... Removed 25 stack frames]]>
    </failure>
  </testcase> <!-- testInsertWithEmptyModel -->
  <testcase classname="TestNGDAO.TestDonHangDAO" name="testInsertWithNullModel" time="0.047">
    <failure type="java.lang.RuntimeException" message="com.microsoft.sqlserver.jdbc.SQLServerException: Cannot insert the value NULL into column &amp;apos;MaDH&amp;apos;, table &amp;apos;QLShop.dbo.DonHang&amp;apos;; column does not allow nulls. INSERT fails.">
      <![CDATA[java.lang.RuntimeException: com.microsoft.sqlserver.jdbc.SQLServerException: Cannot insert the value NULL into column 'MaDH', table 'QLShop.dbo.DonHang'; column does not allow nulls. INSERT fails.
at com.fsm.utils.jdbcHelper.Update(jdbcHelper.java:51)
at ShopQuanLyAoQuan.dao.DonHangDAO.insert(DonHangDAO.java:31)
at TestNGDAO.TestDonHangDAO.testInsertWithNullModel(TestDonHangDAO.java:38)
at java.base/java.util.ArrayList.forEach(ArrayList.java:1596)
Caused by: com.microsoft.sqlserver.jdbc.SQLServerException: Cannot insert the value NULL into column 'MaDH', table 'QLShop.dbo.DonHang'; column does not allow nulls. INSERT fails.
at com.microsoft.sqlserver.jdbc.SQLServerException.makeFromDatabaseError(SQLServerException.java:261)
at com.microsoft.sqlserver.jdbc.SQLServerStatement.getNextResult(SQLServerStatement.java:1752)
at com.microsoft.sqlserver.jdbc.SQLServerPreparedStatement.doExecutePreparedStatement(SQLServerPreparedStatement.java:675)
at com.microsoft.sqlserver.jdbc.SQLServerPreparedStatement$PrepStmtExecCmd.doExecute(SQLServerPreparedStatement.java:594)
at com.microsoft.sqlserver.jdbc.TDSCommand.execute(IOBuffer.java:7739)
at com.microsoft.sqlserver.jdbc.SQLServerConnection.executeCommand(SQLServerConnection.java:4384)
at com.microsoft.sqlserver.jdbc.SQLServerStatement.executeCommand(SQLServerStatement.java:293)
at com.microsoft.sqlserver.jdbc.SQLServerStatement.executeStatement(SQLServerStatement.java:263)
at com.microsoft.sqlserver.jdbc.SQLServerPreparedStatement.executeUpdate(SQLServerPreparedStatement.java:537)
at com.fsm.utils.jdbcHelper.Update(jdbcHelper.java:46)
... 28 more
... Removed 25 stack frames]]>
    </failure>
  </testcase> <!-- testInsertWithNullModel -->
  <testcase classname="TestNGDAO.TestDonHangDAO" name="testInsertWithValidModel" time="0.049"/>
  <testcase classname="TestNGDAO.TestDonHangDAO" name="testSelectAll" time="0.036"/>
  <testcase classname="TestNGDAO.TestDonHangDAO" name="testSelectById" time="0.03"/>
  <testcase classname="TestNGDAO.TestDonHangDAO" name="testUpdateWithEmptyModel" time="0.036"/>
  <testcase classname="TestNGDAO.TestDonHangDAO" name="testUpdateWithNullModel" time="0.038"/>
  <testcase classname="TestNGDAO.TestDonHangDAO" name="testUpdateWithValidModel" time="0.04"/>
  <testcase classname="ShopQuanLyAoQuan.entity.test.DonHangChiTietTest" name="getDonGiaTest" time="0.003"/>
  <testcase classname="ShopQuanLyAoQuan.entity.test.DonHangChiTietTest" name="getGhiChuTest" time="0.002"/>
  <testcase classname="ShopQuanLyAoQuan.entity.test.DonHangChiTietTest" name="getMaDHCTTest" time="0.001"/>
  <testcase classname="ShopQuanLyAoQuan.entity.test.DonHangChiTietTest" name="getMaDHTest" time="0.002"/>
  <testcase classname="ShopQuanLyAoQuan.entity.test.DonHangChiTietTest" name="getMaSPTest" time="0.002"/>
  <testcase classname="ShopQuanLyAoQuan.entity.test.DonHangChiTietTest" name="getSoLuongTest" time="0.002"/>
  <testcase classname="ShopQuanLyAoQuan.entity.test.DonHangChiTietTest" name="getTotalPriceTest" time="0.001"/>
  <testcase classname="ShopQuanLyAoQuan.entity.test.DonHangChiTietTest" name="setDonGiaTestWithNegative" time="0.001"/>
  <testcase classname="ShopQuanLyAoQuan.entity.test.DonHangChiTietTest" name="setDonGiaTestWithValid" time="0.002"/>
  <testcase classname="ShopQuanLyAoQuan.entity.test.DonHangChiTietTest" name="setDonGiaTestWithZero" time="0.009"/>
  <testcase classname="ShopQuanLyAoQuan.entity.test.DonHangChiTietTest" name="setGhiChuTest" time="0.001"/>
  <testcase classname="ShopQuanLyAoQuan.entity.test.DonHangChiTietTest" name="setMaDHCTTest" time="0.002"/>
  <testcase classname="ShopQuanLyAoQuan.entity.test.DonHangChiTietTest" name="setMaDHTest" time="0.003"/>
  <testcase classname="ShopQuanLyAoQuan.entity.test.DonHangChiTietTest" name="setMaSPTest" time="0.001"/>
  <testcase classname="ShopQuanLyAoQuan.entity.test.DonHangChiTietTest" name="setSoLuongTestWithNegative" time="0.001"/>
  <testcase classname="ShopQuanLyAoQuan.entity.test.DonHangChiTietTest" name="setSoLuongTestWithValid" time="0.0"/>
  <testcase classname="ShopQuanLyAoQuan.entity.test.DonHangChiTietTest" name="setSoLuongTestWithZero" time="0.001"/>
  <testcase classname="TestNGDAO.TestKhachHangDAO" name="testDeleteWithEmptyModel" time="0.035"/>
  <testcase classname="TestNGDAO.TestKhachHangDAO" name="testDeleteWithNullModel" time="0.023"/>
  <testcase classname="TestNGDAO.TestKhachHangDAO" name="testDeleteWithValidModel" time="0.035"/>
  <testcase classname="TestNGDAO.TestKhachHangDAO" name="testInsertWithEmptyModel" time="0.035">
    <failure type="java.lang.RuntimeException" message="com.microsoft.sqlserver.jdbc.SQLServerException: Cannot insert the value NULL into column &amp;apos;HoTen&amp;apos;, table &amp;apos;QLShop.dbo.KhachHang&amp;apos;; column does not allow nulls. INSERT fails.">
      <![CDATA[java.lang.RuntimeException: com.microsoft.sqlserver.jdbc.SQLServerException: Cannot insert the value NULL into column 'HoTen', table 'QLShop.dbo.KhachHang'; column does not allow nulls. INSERT fails.
at com.fsm.utils.jdbcHelper.Update(jdbcHelper.java:51)
at ShopQuanLyAoQuan.dao.KhachHangDAO.insert(KhachHangDAO.java:26)
at TestNGDAO.TestKhachHangDAO.testInsertWithEmptyModel(TestKhachHangDAO.java:44)
at java.base/java.util.ArrayList.forEach(ArrayList.java:1596)
Caused by: com.microsoft.sqlserver.jdbc.SQLServerException: Cannot insert the value NULL into column 'HoTen', table 'QLShop.dbo.KhachHang'; column does not allow nulls. INSERT fails.
at com.microsoft.sqlserver.jdbc.SQLServerException.makeFromDatabaseError(SQLServerException.java:261)
at com.microsoft.sqlserver.jdbc.SQLServerStatement.getNextResult(SQLServerStatement.java:1752)
at com.microsoft.sqlserver.jdbc.SQLServerPreparedStatement.doExecutePreparedStatement(SQLServerPreparedStatement.java:675)
at com.microsoft.sqlserver.jdbc.SQLServerPreparedStatement$PrepStmtExecCmd.doExecute(SQLServerPreparedStatement.java:594)
at com.microsoft.sqlserver.jdbc.TDSCommand.execute(IOBuffer.java:7739)
at com.microsoft.sqlserver.jdbc.SQLServerConnection.executeCommand(SQLServerConnection.java:4384)
at com.microsoft.sqlserver.jdbc.SQLServerStatement.executeCommand(SQLServerStatement.java:293)
at com.microsoft.sqlserver.jdbc.SQLServerStatement.executeStatement(SQLServerStatement.java:263)
at com.microsoft.sqlserver.jdbc.SQLServerPreparedStatement.executeUpdate(SQLServerPreparedStatement.java:537)
at com.fsm.utils.jdbcHelper.Update(jdbcHelper.java:46)
... 28 more
... Removed 25 stack frames]]>
    </failure>
  </testcase> <!-- testInsertWithEmptyModel -->
  <testcase classname="TestNGDAO.TestKhachHangDAO" name="testInsertWithNullModel" time="0.04">
    <failure type="java.lang.RuntimeException" message="com.microsoft.sqlserver.jdbc.SQLServerException: Cannot insert the value NULL into column &amp;apos;MaKH&amp;apos;, table &amp;apos;QLShop.dbo.KhachHang&amp;apos;; column does not allow nulls. INSERT fails.">
      <![CDATA[java.lang.RuntimeException: com.microsoft.sqlserver.jdbc.SQLServerException: Cannot insert the value NULL into column 'MaKH', table 'QLShop.dbo.KhachHang'; column does not allow nulls. INSERT fails.
at com.fsm.utils.jdbcHelper.Update(jdbcHelper.java:51)
at ShopQuanLyAoQuan.dao.KhachHangDAO.insert(KhachHangDAO.java:26)
at TestNGDAO.TestKhachHangDAO.testInsertWithNullModel(TestKhachHangDAO.java:35)
at java.base/java.util.ArrayList.forEach(ArrayList.java:1596)
Caused by: com.microsoft.sqlserver.jdbc.SQLServerException: Cannot insert the value NULL into column 'MaKH', table 'QLShop.dbo.KhachHang'; column does not allow nulls. INSERT fails.
at com.microsoft.sqlserver.jdbc.SQLServerException.makeFromDatabaseError(SQLServerException.java:261)
at com.microsoft.sqlserver.jdbc.SQLServerStatement.getNextResult(SQLServerStatement.java:1752)
at com.microsoft.sqlserver.jdbc.SQLServerPreparedStatement.doExecutePreparedStatement(SQLServerPreparedStatement.java:675)
at com.microsoft.sqlserver.jdbc.SQLServerPreparedStatement$PrepStmtExecCmd.doExecute(SQLServerPreparedStatement.java:594)
at com.microsoft.sqlserver.jdbc.TDSCommand.execute(IOBuffer.java:7739)
at com.microsoft.sqlserver.jdbc.SQLServerConnection.executeCommand(SQLServerConnection.java:4384)
at com.microsoft.sqlserver.jdbc.SQLServerStatement.executeCommand(SQLServerStatement.java:293)
at com.microsoft.sqlserver.jdbc.SQLServerStatement.executeStatement(SQLServerStatement.java:263)
at com.microsoft.sqlserver.jdbc.SQLServerPreparedStatement.executeUpdate(SQLServerPreparedStatement.java:537)
at com.fsm.utils.jdbcHelper.Update(jdbcHelper.java:46)
... 28 more
... Removed 25 stack frames]]>
    </failure>
  </testcase> <!-- testInsertWithNullModel -->
  <testcase classname="TestNGDAO.TestKhachHangDAO" name="testInsertWithValidModel" time="0.062">
    <failure type="java.lang.AssertionError" message="Chèn với mô hình hợp lệ không nên ném ra ngoại lệ">
      <![CDATA[java.lang.AssertionError: Chèn với mô hình hợp lệ không nên ném ra ngoại lệ
at TestNGDAO.TestKhachHangDAO.testInsertWithValidModel(TestKhachHangDAO.java:59)
at java.base/java.util.ArrayList.forEach(ArrayList.java:1596)
... Removed 26 stack frames]]>
    </failure>
  </testcase> <!-- testInsertWithValidModel -->
  <testcase classname="TestNGDAO.TestKhachHangDAO" name="testSelectAll" time="0.039"/>
  <testcase classname="TestNGDAO.TestKhachHangDAO" name="testSelectByEmail" time="0.048"/>
  <testcase classname="TestNGDAO.TestKhachHangDAO" name="testSelectById" time="0.039"/>
  <testcase classname="TestNGDAO.TestKhachHangDAO" name="testSelectBySDT" time="0.029"/>
  <testcase classname="TestNGDAO.TestKhachHangDAO" name="testTimKiemByMaKHOrHoTen" time="0.042"/>
  <testcase classname="TestNGDAO.TestKhachHangDAO" name="testUpdateWithEmptyModel" time="0.036"/>
  <testcase classname="TestNGDAO.TestKhachHangDAO" name="testUpdateWithNullModel" time="0.024"/>
  <testcase classname="TestNGDAO.TestKhachHangDAO" name="testUpdateWithValidModel" time="0.027"/>
  <testcase classname="TestNGDAO.TestDonHangChiTietDAO" name="testDeleteWithEmptyModel" time="0.033"/>
  <testcase classname="TestNGDAO.TestDonHangChiTietDAO" name="testDeleteWithNullModel" time="0.031"/>
  <testcase classname="TestNGDAO.TestDonHangChiTietDAO" name="testDeleteWithValidModel" time="0.04"/>
  <testcase classname="TestNGDAO.TestDonHangChiTietDAO" name="testInsertWithEmptyModel" time="0.033">
    <failure type="java.lang.RuntimeException" message="com.microsoft.sqlserver.jdbc.SQLServerException: Cannot insert the value NULL into column &amp;apos;MaSP&amp;apos;, table &amp;apos;QLShop.dbo.DonHangChiTiet&amp;apos;; column does not allow nulls. INSERT fails.">
      <![CDATA[java.lang.RuntimeException: com.microsoft.sqlserver.jdbc.SQLServerException: Cannot insert the value NULL into column 'MaSP', table 'QLShop.dbo.DonHangChiTiet'; column does not allow nulls. INSERT fails.
at com.fsm.utils.jdbcHelper.Update(jdbcHelper.java:51)
at ShopQuanLyAoQuan.dao.DonHangChiTietDAO.insert(DonHangChiTietDAO.java:23)
at TestNGDAO.TestDonHangChiTietDAO.testInsertWithEmptyModel(TestDonHangChiTietDAO.java:51)
at java.base/java.util.ArrayList.forEach(ArrayList.java:1596)
Caused by: com.microsoft.sqlserver.jdbc.SQLServerException: Cannot insert the value NULL into column 'MaSP', table 'QLShop.dbo.DonHangChiTiet'; column does not allow nulls. INSERT fails.
at com.microsoft.sqlserver.jdbc.SQLServerException.makeFromDatabaseError(SQLServerException.java:261)
at com.microsoft.sqlserver.jdbc.SQLServerStatement.getNextResult(SQLServerStatement.java:1752)
at com.microsoft.sqlserver.jdbc.SQLServerPreparedStatement.doExecutePreparedStatement(SQLServerPreparedStatement.java:675)
at com.microsoft.sqlserver.jdbc.SQLServerPreparedStatement$PrepStmtExecCmd.doExecute(SQLServerPreparedStatement.java:594)
at com.microsoft.sqlserver.jdbc.TDSCommand.execute(IOBuffer.java:7739)
at com.microsoft.sqlserver.jdbc.SQLServerConnection.executeCommand(SQLServerConnection.java:4384)
at com.microsoft.sqlserver.jdbc.SQLServerStatement.executeCommand(SQLServerStatement.java:293)
at com.microsoft.sqlserver.jdbc.SQLServerStatement.executeStatement(SQLServerStatement.java:263)
at com.microsoft.sqlserver.jdbc.SQLServerPreparedStatement.executeUpdate(SQLServerPreparedStatement.java:537)
at com.fsm.utils.jdbcHelper.Update(jdbcHelper.java:46)
... 28 more
... Removed 25 stack frames]]>
    </failure>
  </testcase> <!-- testInsertWithEmptyModel -->
  <testcase classname="TestNGDAO.TestDonHangChiTietDAO" name="testInsertWithNullModel" time="0.031">
    <failure type="java.lang.RuntimeException" message="com.microsoft.sqlserver.jdbc.SQLServerException: Cannot insert the value NULL into column &amp;apos;MaSP&amp;apos;, table &amp;apos;QLShop.dbo.DonHangChiTiet&amp;apos;; column does not allow nulls. INSERT fails.">
      <![CDATA[java.lang.RuntimeException: com.microsoft.sqlserver.jdbc.SQLServerException: Cannot insert the value NULL into column 'MaSP', table 'QLShop.dbo.DonHangChiTiet'; column does not allow nulls. INSERT fails.
at com.fsm.utils.jdbcHelper.Update(jdbcHelper.java:51)
at ShopQuanLyAoQuan.dao.DonHangChiTietDAO.insert(DonHangChiTietDAO.java:23)
at TestNGDAO.TestDonHangChiTietDAO.testInsertWithNullModel(TestDonHangChiTietDAO.java:39)
at java.base/java.util.ArrayList.forEach(ArrayList.java:1596)
Caused by: com.microsoft.sqlserver.jdbc.SQLServerException: Cannot insert the value NULL into column 'MaSP', table 'QLShop.dbo.DonHangChiTiet'; column does not allow nulls. INSERT fails.
at com.microsoft.sqlserver.jdbc.SQLServerException.makeFromDatabaseError(SQLServerException.java:261)
at com.microsoft.sqlserver.jdbc.SQLServerStatement.getNextResult(SQLServerStatement.java:1752)
at com.microsoft.sqlserver.jdbc.SQLServerPreparedStatement.doExecutePreparedStatement(SQLServerPreparedStatement.java:675)
at com.microsoft.sqlserver.jdbc.SQLServerPreparedStatement$PrepStmtExecCmd.doExecute(SQLServerPreparedStatement.java:594)
at com.microsoft.sqlserver.jdbc.TDSCommand.execute(IOBuffer.java:7739)
at com.microsoft.sqlserver.jdbc.SQLServerConnection.executeCommand(SQLServerConnection.java:4384)
at com.microsoft.sqlserver.jdbc.SQLServerStatement.executeCommand(SQLServerStatement.java:293)
at com.microsoft.sqlserver.jdbc.SQLServerStatement.executeStatement(SQLServerStatement.java:263)
at com.microsoft.sqlserver.jdbc.SQLServerPreparedStatement.executeUpdate(SQLServerPreparedStatement.java:537)
at com.fsm.utils.jdbcHelper.Update(jdbcHelper.java:46)
... 28 more
... Removed 25 stack frames]]>
    </failure>
  </testcase> <!-- testInsertWithNullModel -->
  <testcase classname="TestNGDAO.TestDonHangChiTietDAO" name="testInsertWithValidModel" time="0.025"/>
  <testcase classname="TestNGDAO.TestDonHangChiTietDAO" name="testUpdateWithEmptyModel" time="0.026"/>
  <testcase classname="TestNGDAO.TestDonHangChiTietDAO" name="testUpdateWithNullModel" time="0.035"/>
  <testcase classname="TestNGDAO.TestDonHangChiTietDAO" name="testUpdateWithValidModel" time="0.037"/>
  <testcase classname="TestNGDAO.TestNhanVienDAO" name="testDeleteWithEmptyModel" time="0.038"/>
  <testcase classname="TestNGDAO.TestNhanVienDAO" name="testDeleteWithNullModel" time="0.046"/>
  <testcase classname="TestNGDAO.TestNhanVienDAO" name="testDeleteWithValidModel" time="0.032"/>
  <testcase classname="TestNGDAO.TestNhanVienDAO" name="testInsertWithEmptyModel" time="0.033">
    <failure type="java.lang.RuntimeException" message="com.microsoft.sqlserver.jdbc.SQLServerException: Cannot insert the value NULL into column &amp;apos;HoTen&amp;apos;, table &amp;apos;QLShop.dbo.NhanVien&amp;apos;; column does not allow nulls. INSERT fails.">
      <![CDATA[java.lang.RuntimeException: com.microsoft.sqlserver.jdbc.SQLServerException: Cannot insert the value NULL into column 'HoTen', table 'QLShop.dbo.NhanVien'; column does not allow nulls. INSERT fails.
at com.fsm.utils.jdbcHelper.Update(jdbcHelper.java:51)
at ShopQuanLyAoQuan.dao.NhanVienDAO.insert(NhanVienDAO.java:23)
at TestNGDAO.TestNhanVienDAO.testInsertWithEmptyModel(TestNhanVienDAO.java:48)
at java.base/java.util.ArrayList.forEach(ArrayList.java:1596)
Caused by: com.microsoft.sqlserver.jdbc.SQLServerException: Cannot insert the value NULL into column 'HoTen', table 'QLShop.dbo.NhanVien'; column does not allow nulls. INSERT fails.
at com.microsoft.sqlserver.jdbc.SQLServerException.makeFromDatabaseError(SQLServerException.java:261)
at com.microsoft.sqlserver.jdbc.SQLServerStatement.getNextResult(SQLServerStatement.java:1752)
at com.microsoft.sqlserver.jdbc.SQLServerPreparedStatement.doExecutePreparedStatement(SQLServerPreparedStatement.java:675)
at com.microsoft.sqlserver.jdbc.SQLServerPreparedStatement$PrepStmtExecCmd.doExecute(SQLServerPreparedStatement.java:594)
at com.microsoft.sqlserver.jdbc.TDSCommand.execute(IOBuffer.java:7739)
at com.microsoft.sqlserver.jdbc.SQLServerConnection.executeCommand(SQLServerConnection.java:4384)
at com.microsoft.sqlserver.jdbc.SQLServerStatement.executeCommand(SQLServerStatement.java:293)
at com.microsoft.sqlserver.jdbc.SQLServerStatement.executeStatement(SQLServerStatement.java:263)
at com.microsoft.sqlserver.jdbc.SQLServerPreparedStatement.executeUpdate(SQLServerPreparedStatement.java:537)
at com.fsm.utils.jdbcHelper.Update(jdbcHelper.java:46)
... 28 more
... Removed 25 stack frames]]>
    </failure>
  </testcase> <!-- testInsertWithEmptyModel -->
  <testcase classname="TestNGDAO.TestNhanVienDAO" name="testInsertWithNullModel" time="0.025">
    <failure type="java.lang.RuntimeException" message="com.microsoft.sqlserver.jdbc.SQLServerException: Cannot insert the value NULL into column &amp;apos;MaNV&amp;apos;, table &amp;apos;QLShop.dbo.NhanVien&amp;apos;; column does not allow nulls. INSERT fails.">
      <![CDATA[java.lang.RuntimeException: com.microsoft.sqlserver.jdbc.SQLServerException: Cannot insert the value NULL into column 'MaNV', table 'QLShop.dbo.NhanVien'; column does not allow nulls. INSERT fails.
at com.fsm.utils.jdbcHelper.Update(jdbcHelper.java:51)
at ShopQuanLyAoQuan.dao.NhanVienDAO.insert(NhanVienDAO.java:23)
at TestNGDAO.TestNhanVienDAO.testInsertWithNullModel(TestNhanVienDAO.java:40)
at java.base/java.util.ArrayList.forEach(ArrayList.java:1596)
Caused by: com.microsoft.sqlserver.jdbc.SQLServerException: Cannot insert the value NULL into column 'MaNV', table 'QLShop.dbo.NhanVien'; column does not allow nulls. INSERT fails.
at com.microsoft.sqlserver.jdbc.SQLServerException.makeFromDatabaseError(SQLServerException.java:261)
at com.microsoft.sqlserver.jdbc.SQLServerStatement.getNextResult(SQLServerStatement.java:1752)
at com.microsoft.sqlserver.jdbc.SQLServerPreparedStatement.doExecutePreparedStatement(SQLServerPreparedStatement.java:675)
at com.microsoft.sqlserver.jdbc.SQLServerPreparedStatement$PrepStmtExecCmd.doExecute(SQLServerPreparedStatement.java:594)
at com.microsoft.sqlserver.jdbc.TDSCommand.execute(IOBuffer.java:7739)
at com.microsoft.sqlserver.jdbc.SQLServerConnection.executeCommand(SQLServerConnection.java:4384)
at com.microsoft.sqlserver.jdbc.SQLServerStatement.executeCommand(SQLServerStatement.java:293)
at com.microsoft.sqlserver.jdbc.SQLServerStatement.executeStatement(SQLServerStatement.java:263)
at com.microsoft.sqlserver.jdbc.SQLServerPreparedStatement.executeUpdate(SQLServerPreparedStatement.java:537)
at com.fsm.utils.jdbcHelper.Update(jdbcHelper.java:46)
... 28 more
... Removed 25 stack frames]]>
    </failure>
  </testcase> <!-- testInsertWithNullModel -->
  <testcase classname="TestNGDAO.TestNhanVienDAO" name="testInsertWithValidModel" time="0.058"/>
  <testcase classname="TestNGDAO.TestNhanVienDAO" name="testMaNVExists" time="0.043"/>
  <testcase classname="TestNGDAO.TestNhanVienDAO" name="testSelectAll" time="0.046"/>
  <testcase classname="TestNGDAO.TestNhanVienDAO" name="testSelectByEmail" time="0.039"/>
  <testcase classname="TestNGDAO.TestNhanVienDAO" name="testSelectById" time="0.027"/>
  <testcase classname="TestNGDAO.TestNhanVienDAO" name="testSelectBySDT" time="0.026"/>
  <testcase classname="TestNGDAO.TestNhanVienDAO" name="testTimkiemByMaNVOrTenNV" time="0.039"/>
  <testcase classname="TestNGDAO.TestNhanVienDAO" name="testUpdateWithEmptyModel" time="0.052"/>
  <testcase classname="TestNGDAO.TestNhanVienDAO" name="testUpdateWithNullModel" time="0.044"/>
  <testcase classname="TestNGDAO.TestNhanVienDAO" name="testUpdateWithValidModel" time="0.038"/>
</testsuite> <!-- Test -->
