<?xml version="1.0" encoding="UTF-8"?>
<testng-results ignored="0" total="105" passed="93" failed="12" skipped="0">
  <reporter-output>
  </reporter-output>
  <suite started-at="2024-04-07T00:13:19 ICT" name="Suite" finished-at="2024-04-07T00:13:24 ICT" duration-ms="4821">
    <groups>
    </groups>
    <test started-at="2024-04-07T00:13:19 ICT" name="Test" finished-at="2024-04-07T00:13:24 ICT" duration-ms="4821">
      <class name="TestNGDAO.TestNhanVienDAO">
        <test-method is-config="true" signature="setUp()[pri:0, instance:TestNGDAO.TestNhanVienDAO@3232a28a]" started-at="2024-04-07T00:13:23 ICT" name="setUp" finished-at="2024-04-07T00:13:23 ICT" duration-ms="2" status="PASS">
          <reporter-output>
          </reporter-output>
        </test-method> <!-- setUp -->
        <test-method signature="testDeleteWithEmptyModel()[pri:0, instance:TestNGDAO.TestNhanVienDAO@3232a28a]" started-at="2024-04-07T00:13:23 ICT" name="testDeleteWithEmptyModel" description="Kiểm thử xóa với ID trống" finished-at="2024-04-07T00:13:23 ICT" duration-ms="38" status="PASS">
          <reporter-output>
          </reporter-output>
        </test-method> <!-- testDeleteWithEmptyModel -->
        <test-method is-config="true" signature="tearDown()[pri:0, instance:TestNGDAO.TestNhanVienDAO@3232a28a]" started-at="2024-04-07T00:13:23 ICT" name="tearDown" finished-at="2024-04-07T00:13:23 ICT" duration-ms="1" status="PASS">
          <reporter-output>
          </reporter-output>
        </test-method> <!-- tearDown -->
        <test-method is-config="true" signature="setUp()[pri:0, instance:TestNGDAO.TestNhanVienDAO@3232a28a]" started-at="2024-04-07T00:13:23 ICT" name="setUp" finished-at="2024-04-07T00:13:23 ICT" duration-ms="0" status="PASS">
          <reporter-output>
          </reporter-output>
        </test-method> <!-- setUp -->
        <test-method signature="testDeleteWithNullModel()[pri:0, instance:TestNGDAO.TestNhanVienDAO@3232a28a]" started-at="2024-04-07T00:13:23 ICT" name="testDeleteWithNullModel" description="Kiểm thử xóa với ID null" finished-at="2024-04-07T00:13:23 ICT" duration-ms="46" status="PASS">
          <reporter-output>
          </reporter-output>
        </test-method> <!-- testDeleteWithNullModel -->
        <test-method is-config="true" signature="tearDown()[pri:0, instance:TestNGDAO.TestNhanVienDAO@3232a28a]" started-at="2024-04-07T00:13:23 ICT" name="tearDown" finished-at="2024-04-07T00:13:23 ICT" duration-ms="0" status="PASS">
          <reporter-output>
          </reporter-output>
        </test-method> <!-- tearDown -->
        <test-method is-config="true" signature="setUp()[pri:0, instance:TestNGDAO.TestNhanVienDAO@3232a28a]" started-at="2024-04-07T00:13:23 ICT" name="setUp" finished-at="2024-04-07T00:13:23 ICT" duration-ms="0" status="PASS">
          <reporter-output>
          </reporter-output>
        </test-method> <!-- setUp -->
        <test-method signature="testDeleteWithValidModel()[pri:0, instance:TestNGDAO.TestNhanVienDAO@3232a28a]" started-at="2024-04-07T00:13:23 ICT" name="testDeleteWithValidModel" description="Kiểm thử xóa với ID hợp lệ" finished-at="2024-04-07T00:13:24 ICT" duration-ms="32" status="PASS">
          <reporter-output>
          </reporter-output>
        </test-method> <!-- testDeleteWithValidModel -->
        <test-method is-config="true" signature="tearDown()[pri:0, instance:TestNGDAO.TestNhanVienDAO@3232a28a]" started-at="2024-04-07T00:13:24 ICT" name="tearDown" finished-at="2024-04-07T00:13:24 ICT" duration-ms="0" status="PASS">
          <reporter-output>
          </reporter-output>
        </test-method> <!-- tearDown -->
        <test-method is-config="true" signature="setUp()[pri:0, instance:TestNGDAO.TestNhanVienDAO@3232a28a]" started-at="2024-04-07T00:13:24 ICT" name="setUp" finished-at="2024-04-07T00:13:24 ICT" duration-ms="0" status="PASS">
          <reporter-output>
          </reporter-output>
        </test-method> <!-- setUp -->
        <test-method signature="testInsertWithEmptyModel()[pri:0, instance:TestNGDAO.TestNhanVienDAO@3232a28a]" started-at="2024-04-07T00:13:24 ICT" name="testInsertWithEmptyModel" description="Kiểm thử chèn với mô hình trống" finished-at="2024-04-07T00:13:24 ICT" duration-ms="33" status="FAIL">
          <exception class="java.lang.RuntimeException">
            <message>
              <![CDATA[com.microsoft.sqlserver.jdbc.SQLServerException: Cannot insert the value NULL into column 'HoTen', table 'QLShop.dbo.NhanVien'; column does not allow nulls. INSERT fails.]]>
            </message>
            <full-stacktrace>
              <![CDATA[java.lang.RuntimeException: com.microsoft.sqlserver.jdbc.SQLServerException: Cannot insert the value NULL into column 'HoTen', table 'QLShop.dbo.NhanVien'; column does not allow nulls. INSERT fails.
at com.fsm.utils.jdbcHelper.Update(jdbcHelper.java:51)
at ShopQuanLyAoQuan.dao.NhanVienDAO.insert(NhanVienDAO.java:23)
at TestNGDAO.TestNhanVienDAO.testInsertWithEmptyModel(TestNhanVienDAO.java:48)
at java.base/jdk.internal.reflect.DirectMethodHandleAccessor.invoke(DirectMethodHandleAccessor.java:103)
at java.base/java.lang.reflect.Method.invoke(Method.java:580)
at org.testng.internal.MethodInvocationHelper.invokeMethod(MethodInvocationHelper.java:133)
at org.testng.internal.TestInvoker.invokeMethod(TestInvoker.java:598)
at org.testng.internal.TestInvoker.invokeTestMethod(TestInvoker.java:173)
at org.testng.internal.MethodRunner.runInSequence(MethodRunner.java:46)
at org.testng.internal.TestInvoker$MethodInvocationAgent.invoke(TestInvoker.java:824)
at org.testng.internal.TestInvoker.invokeTestMethods(TestInvoker.java:146)
at org.testng.internal.TestMethodWorker.invokeTestMethods(TestMethodWorker.java:146)
at org.testng.internal.TestMethodWorker.run(TestMethodWorker.java:128)
at java.base/java.util.ArrayList.forEach(ArrayList.java:1596)
at org.testng.TestRunner.privateRun(TestRunner.java:794)
at org.testng.TestRunner.run(TestRunner.java:596)
at org.testng.SuiteRunner.runTest(SuiteRunner.java:377)
at org.testng.SuiteRunner.runSequentially(SuiteRunner.java:371)
at org.testng.SuiteRunner.privateRun(SuiteRunner.java:332)
at org.testng.SuiteRunner.run(SuiteRunner.java:276)
at org.testng.SuiteRunnerWorker.runSuite(SuiteRunnerWorker.java:53)
at org.testng.SuiteRunnerWorker.run(SuiteRunnerWorker.java:96)
at org.testng.TestNG.runSuitesSequentially(TestNG.java:1212)
at org.testng.TestNG.runSuitesLocally(TestNG.java:1134)
at org.testng.TestNG.runSuites(TestNG.java:1063)
at org.testng.TestNG.run(TestNG.java:1031)
at org.testng.remote.AbstractRemoteTestNG.run(AbstractRemoteTestNG.java:115)
at org.testng.remote.RemoteTestNG.initAndRun(RemoteTestNG.java:251)
at org.testng.remote.RemoteTestNG.main(RemoteTestNG.java:77)
Caused by: com.microsoft.sqlserver.jdbc.SQLServerException: Cannot insert the value NULL into column 'HoTen', table 'QLShop.dbo.NhanVien'; column does not allow nulls. INSERT fails.
at com.microsoft.sqlserver.jdbc.SQLServerException.makeFromDatabaseError(SQLServerException.java:261)
at com.microsoft.sqlserver.jdbc.SQLServerStatement.getNextResult(SQLServerStatement.java:1752)
at com.microsoft.sqlserver.jdbc.SQLServerPreparedStatement.doExecutePreparedStatement(SQLServerPreparedStatement.java:675)
at com.microsoft.sqlserver.jdbc.SQLServerPreparedStatement$PrepStmtExecCmd.doExecute(SQLServerPreparedStatement.java:594)
at com.microsoft.sqlserver.jdbc.TDSCommand.execute(IOBuffer.java:7739)
at com.microsoft.sqlserver.jdbc.SQLServerConnection.executeCommand(SQLServerConnection.java:4384)
at com.microsoft.sqlserver.jdbc.SQLServerStatement.executeCommand(SQLServerStatement.java:293)
at com.microsoft.sqlserver.jdbc.SQLServerStatement.executeStatement(SQLServerStatement.java:263)
at com.microsoft.sqlserver.jdbc.SQLServerPreparedStatement.executeUpdate(SQLServerPreparedStatement.java:537)
at com.fsm.utils.jdbcHelper.Update(jdbcHelper.java:46)
... 28 more
]]>
            </full-stacktrace>
          </exception> <!-- java.lang.RuntimeException -->
          <reporter-output>
          </reporter-output>
        </test-method> <!-- testInsertWithEmptyModel -->
        <test-method is-config="true" signature="tearDown()[pri:0, instance:TestNGDAO.TestNhanVienDAO@3232a28a]" started-at="2024-04-07T00:13:24 ICT" name="tearDown" finished-at="2024-04-07T00:13:24 ICT" duration-ms="0" status="PASS">
          <reporter-output>
          </reporter-output>
        </test-method> <!-- tearDown -->
        <test-method is-config="true" signature="setUp()[pri:0, instance:TestNGDAO.TestNhanVienDAO@3232a28a]" started-at="2024-04-07T00:13:24 ICT" name="setUp" finished-at="2024-04-07T00:13:24 ICT" duration-ms="0" status="PASS">
          <reporter-output>
          </reporter-output>
        </test-method> <!-- setUp -->
        <test-method signature="testInsertWithNullModel()[pri:0, instance:TestNGDAO.TestNhanVienDAO@3232a28a]" started-at="2024-04-07T00:13:24 ICT" name="testInsertWithNullModel" description="Kiểm thử chèn với mô hình null" finished-at="2024-04-07T00:13:24 ICT" duration-ms="25" status="FAIL">
          <exception class="java.lang.RuntimeException">
            <message>
              <![CDATA[com.microsoft.sqlserver.jdbc.SQLServerException: Cannot insert the value NULL into column 'MaNV', table 'QLShop.dbo.NhanVien'; column does not allow nulls. INSERT fails.]]>
            </message>
            <full-stacktrace>
              <![CDATA[java.lang.RuntimeException: com.microsoft.sqlserver.jdbc.SQLServerException: Cannot insert the value NULL into column 'MaNV', table 'QLShop.dbo.NhanVien'; column does not allow nulls. INSERT fails.
at com.fsm.utils.jdbcHelper.Update(jdbcHelper.java:51)
at ShopQuanLyAoQuan.dao.NhanVienDAO.insert(NhanVienDAO.java:23)
at TestNGDAO.TestNhanVienDAO.testInsertWithNullModel(TestNhanVienDAO.java:40)
at java.base/jdk.internal.reflect.DirectMethodHandleAccessor.invoke(DirectMethodHandleAccessor.java:103)
at java.base/java.lang.reflect.Method.invoke(Method.java:580)
at org.testng.internal.MethodInvocationHelper.invokeMethod(MethodInvocationHelper.java:133)
at org.testng.internal.TestInvoker.invokeMethod(TestInvoker.java:598)
at org.testng.internal.TestInvoker.invokeTestMethod(TestInvoker.java:173)
at org.testng.internal.MethodRunner.runInSequence(MethodRunner.java:46)
at org.testng.internal.TestInvoker$MethodInvocationAgent.invoke(TestInvoker.java:824)
at org.testng.internal.TestInvoker.invokeTestMethods(TestInvoker.java:146)
at org.testng.internal.TestMethodWorker.invokeTestMethods(TestMethodWorker.java:146)
at org.testng.internal.TestMethodWorker.run(TestMethodWorker.java:128)
at java.base/java.util.ArrayList.forEach(ArrayList.java:1596)
at org.testng.TestRunner.privateRun(TestRunner.java:794)
at org.testng.TestRunner.run(TestRunner.java:596)
at org.testng.SuiteRunner.runTest(SuiteRunner.java:377)
at org.testng.SuiteRunner.runSequentially(SuiteRunner.java:371)
at org.testng.SuiteRunner.privateRun(SuiteRunner.java:332)
at org.testng.SuiteRunner.run(SuiteRunner.java:276)
at org.testng.SuiteRunnerWorker.runSuite(SuiteRunnerWorker.java:53)
at org.testng.SuiteRunnerWorker.run(SuiteRunnerWorker.java:96)
at org.testng.TestNG.runSuitesSequentially(TestNG.java:1212)
at org.testng.TestNG.runSuitesLocally(TestNG.java:1134)
at org.testng.TestNG.runSuites(TestNG.java:1063)
at org.testng.TestNG.run(TestNG.java:1031)
at org.testng.remote.AbstractRemoteTestNG.run(AbstractRemoteTestNG.java:115)
at org.testng.remote.RemoteTestNG.initAndRun(RemoteTestNG.java:251)
at org.testng.remote.RemoteTestNG.main(RemoteTestNG.java:77)
Caused by: com.microsoft.sqlserver.jdbc.SQLServerException: Cannot insert the value NULL into column 'MaNV', table 'QLShop.dbo.NhanVien'; column does not allow nulls. INSERT fails.
at com.microsoft.sqlserver.jdbc.SQLServerException.makeFromDatabaseError(SQLServerException.java:261)
at com.microsoft.sqlserver.jdbc.SQLServerStatement.getNextResult(SQLServerStatement.java:1752)
at com.microsoft.sqlserver.jdbc.SQLServerPreparedStatement.doExecutePreparedStatement(SQLServerPreparedStatement.java:675)
at com.microsoft.sqlserver.jdbc.SQLServerPreparedStatement$PrepStmtExecCmd.doExecute(SQLServerPreparedStatement.java:594)
at com.microsoft.sqlserver.jdbc.TDSCommand.execute(IOBuffer.java:7739)
at com.microsoft.sqlserver.jdbc.SQLServerConnection.executeCommand(SQLServerConnection.java:4384)
at com.microsoft.sqlserver.jdbc.SQLServerStatement.executeCommand(SQLServerStatement.java:293)
at com.microsoft.sqlserver.jdbc.SQLServerStatement.executeStatement(SQLServerStatement.java:263)
at com.microsoft.sqlserver.jdbc.SQLServerPreparedStatement.executeUpdate(SQLServerPreparedStatement.java:537)
at com.fsm.utils.jdbcHelper.Update(jdbcHelper.java:46)
... 28 more
]]>
            </full-stacktrace>
          </exception> <!-- java.lang.RuntimeException -->
          <reporter-output>
          </reporter-output>
        </test-method> <!-- testInsertWithNullModel -->
        <test-method is-config="true" signature="tearDown()[pri:0, instance:TestNGDAO.TestNhanVienDAO@3232a28a]" started-at="2024-04-07T00:13:24 ICT" name="tearDown" finished-at="2024-04-07T00:13:24 ICT" duration-ms="1" status="PASS">
          <reporter-output>
          </reporter-output>
        </test-method> <!-- tearDown -->
        <test-method is-config="true" signature="setUp()[pri:0, instance:TestNGDAO.TestNhanVienDAO@3232a28a]" started-at="2024-04-07T00:13:24 ICT" name="setUp" finished-at="2024-04-07T00:13:24 ICT" duration-ms="0" status="PASS">
          <reporter-output>
          </reporter-output>
        </test-method> <!-- setUp -->
        <test-method signature="testInsertWithValidModel()[pri:0, instance:TestNGDAO.TestNhanVienDAO@3232a28a]" started-at="2024-04-07T00:13:24 ICT" name="testInsertWithValidModel" description="Kiểm thử chèn với mô hình hợp lệ" finished-at="2024-04-07T00:13:24 ICT" duration-ms="58" status="PASS">
          <reporter-output>
          </reporter-output>
        </test-method> <!-- testInsertWithValidModel -->
        <test-method is-config="true" signature="setUp()[pri:0, instance:TestNGDAO.TestNhanVienDAO@3232a28a]" started-at="2024-04-07T00:13:24 ICT" name="setUp" finished-at="2024-04-07T00:13:24 ICT" duration-ms="1" status="PASS">
          <reporter-output>
          </reporter-output>
        </test-method> <!-- setUp -->
        <test-method is-config="true" signature="tearDown()[pri:0, instance:TestNGDAO.TestNhanVienDAO@3232a28a]" started-at="2024-04-07T00:13:24 ICT" name="tearDown" finished-at="2024-04-07T00:13:24 ICT" duration-ms="0" status="PASS">
          <reporter-output>
          </reporter-output>
        </test-method> <!-- tearDown -->
        <test-method signature="testMaNVExists()[pri:0, instance:TestNGDAO.TestNhanVienDAO@3232a28a]" started-at="2024-04-07T00:13:24 ICT" name="testMaNVExists" description="Kiểm tra sự tồn tại của Mã NV" finished-at="2024-04-07T00:13:24 ICT" duration-ms="43" status="PASS">
          <reporter-output>
          </reporter-output>
        </test-method> <!-- testMaNVExists -->
        <test-method is-config="true" signature="tearDown()[pri:0, instance:TestNGDAO.TestNhanVienDAO@3232a28a]" started-at="2024-04-07T00:13:24 ICT" name="tearDown" finished-at="2024-04-07T00:13:24 ICT" duration-ms="1" status="PASS">
          <reporter-output>
          </reporter-output>
        </test-method> <!-- tearDown -->
        <test-method is-config="true" signature="setUp()[pri:0, instance:TestNGDAO.TestNhanVienDAO@3232a28a]" started-at="2024-04-07T00:13:24 ICT" name="setUp" finished-at="2024-04-07T00:13:24 ICT" duration-ms="0" status="PASS">
          <reporter-output>
          </reporter-output>
        </test-method> <!-- setUp -->
        <test-method signature="testSelectAll()[pri:0, instance:TestNGDAO.TestNhanVienDAO@3232a28a]" started-at="2024-04-07T00:13:24 ICT" name="testSelectAll" description="Kiểm thử lấy tất cả" finished-at="2024-04-07T00:13:24 ICT" duration-ms="46" status="PASS">
          <reporter-output>
          </reporter-output>
        </test-method> <!-- testSelectAll -->
        <test-method is-config="true" signature="tearDown()[pri:0, instance:TestNGDAO.TestNhanVienDAO@3232a28a]" started-at="2024-04-07T00:13:24 ICT" name="tearDown" finished-at="2024-04-07T00:13:24 ICT" duration-ms="0" status="PASS">
          <reporter-output>
          </reporter-output>
        </test-method> <!-- tearDown -->
        <test-method is-config="true" signature="setUp()[pri:0, instance:TestNGDAO.TestNhanVienDAO@3232a28a]" started-at="2024-04-07T00:13:24 ICT" name="setUp" finished-at="2024-04-07T00:13:24 ICT" duration-ms="0" status="PASS">
          <reporter-output>
          </reporter-output>
        </test-method> <!-- setUp -->
        <test-method signature="testSelectByEmail()[pri:0, instance:TestNGDAO.TestNhanVienDAO@3232a28a]" started-at="2024-04-07T00:13:24 ICT" name="testSelectByEmail" description="Kiểm thử lấy theo Email" finished-at="2024-04-07T00:13:24 ICT" duration-ms="39" status="PASS">
          <reporter-output>
          </reporter-output>
        </test-method> <!-- testSelectByEmail -->
        <test-method is-config="true" signature="tearDown()[pri:0, instance:TestNGDAO.TestNhanVienDAO@3232a28a]" started-at="2024-04-07T00:13:24 ICT" name="tearDown" finished-at="2024-04-07T00:13:24 ICT" duration-ms="0" status="PASS">
          <reporter-output>
          </reporter-output>
        </test-method> <!-- tearDown -->
        <test-method is-config="true" signature="setUp()[pri:0, instance:TestNGDAO.TestNhanVienDAO@3232a28a]" started-at="2024-04-07T00:13:24 ICT" name="setUp" finished-at="2024-04-07T00:13:24 ICT" duration-ms="1" status="PASS">
          <reporter-output>
          </reporter-output>
        </test-method> <!-- setUp -->
        <test-method signature="testSelectById()[pri:0, instance:TestNGDAO.TestNhanVienDAO@3232a28a]" started-at="2024-04-07T00:13:24 ICT" name="testSelectById" description="Kiểm thử lấy theo ID" finished-at="2024-04-07T00:13:24 ICT" duration-ms="27" status="PASS">
          <reporter-output>
          </reporter-output>
        </test-method> <!-- testSelectById -->
        <test-method is-config="true" signature="tearDown()[pri:0, instance:TestNGDAO.TestNhanVienDAO@3232a28a]" started-at="2024-04-07T00:13:24 ICT" name="tearDown" finished-at="2024-04-07T00:13:24 ICT" duration-ms="1" status="PASS">
          <reporter-output>
          </reporter-output>
        </test-method> <!-- tearDown -->
        <test-method signature="testSelectBySDT()[pri:0, instance:TestNGDAO.TestNhanVienDAO@3232a28a]" started-at="2024-04-07T00:13:24 ICT" name="testSelectBySDT" description="Kiểm thử lấy theo SDT" finished-at="2024-04-07T00:13:24 ICT" duration-ms="26" status="PASS">
          <reporter-output>
          </reporter-output>
        </test-method> <!-- testSelectBySDT -->
        <test-method is-config="true" signature="setUp()[pri:0, instance:TestNGDAO.TestNhanVienDAO@3232a28a]" started-at="2024-04-07T00:13:24 ICT" name="setUp" finished-at="2024-04-07T00:13:24 ICT" duration-ms="0" status="PASS">
          <reporter-output>
          </reporter-output>
        </test-method> <!-- setUp -->
        <test-method is-config="true" signature="tearDown()[pri:0, instance:TestNGDAO.TestNhanVienDAO@3232a28a]" started-at="2024-04-07T00:13:24 ICT" name="tearDown" finished-at="2024-04-07T00:13:24 ICT" duration-ms="0" status="PASS">
          <reporter-output>
          </reporter-output>
        </test-method> <!-- tearDown -->
        <test-method signature="testTimkiemByMaNVOrTenNV()[pri:0, instance:TestNGDAO.TestNhanVienDAO@3232a28a]" started-at="2024-04-07T00:13:24 ICT" name="testTimkiemByMaNVOrTenNV" description="Kiểm thử tìm kiếm theo Mã NV hoặc Tên NV" finished-at="2024-04-07T00:13:24 ICT" duration-ms="39" status="PASS">
          <reporter-output>
          </reporter-output>
        </test-method> <!-- testTimkiemByMaNVOrTenNV -->
        <test-method is-config="true" signature="setUp()[pri:0, instance:TestNGDAO.TestNhanVienDAO@3232a28a]" started-at="2024-04-07T00:13:24 ICT" name="setUp" finished-at="2024-04-07T00:13:24 ICT" duration-ms="0" status="PASS">
          <reporter-output>
          </reporter-output>
        </test-method> <!-- setUp -->
        <test-method is-config="true" signature="tearDown()[pri:0, instance:TestNGDAO.TestNhanVienDAO@3232a28a]" started-at="2024-04-07T00:13:24 ICT" name="tearDown" finished-at="2024-04-07T00:13:24 ICT" duration-ms="1" status="PASS">
          <reporter-output>
          </reporter-output>
        </test-method> <!-- tearDown -->
        <test-method is-config="true" signature="setUp()[pri:0, instance:TestNGDAO.TestNhanVienDAO@3232a28a]" started-at="2024-04-07T00:13:24 ICT" name="setUp" finished-at="2024-04-07T00:13:24 ICT" duration-ms="0" status="PASS">
          <reporter-output>
          </reporter-output>
        </test-method> <!-- setUp -->
        <test-method signature="testUpdateWithEmptyModel()[pri:0, instance:TestNGDAO.TestNhanVienDAO@3232a28a]" started-at="2024-04-07T00:13:24 ICT" name="testUpdateWithEmptyModel" description="Kiểm thử cập nhật với mô hình trống" finished-at="2024-04-07T00:13:24 ICT" duration-ms="52" status="PASS">
          <reporter-output>
          </reporter-output>
        </test-method> <!-- testUpdateWithEmptyModel -->
        <test-method is-config="true" signature="tearDown()[pri:0, instance:TestNGDAO.TestNhanVienDAO@3232a28a]" started-at="2024-04-07T00:13:24 ICT" name="tearDown" finished-at="2024-04-07T00:13:24 ICT" duration-ms="1" status="PASS">
          <reporter-output>
          </reporter-output>
        </test-method> <!-- tearDown -->
        <test-method is-config="true" signature="setUp()[pri:0, instance:TestNGDAO.TestNhanVienDAO@3232a28a]" started-at="2024-04-07T00:13:24 ICT" name="setUp" finished-at="2024-04-07T00:13:24 ICT" duration-ms="0" status="PASS">
          <reporter-output>
          </reporter-output>
        </test-method> <!-- setUp -->
        <test-method signature="testUpdateWithNullModel()[pri:0, instance:TestNGDAO.TestNhanVienDAO@3232a28a]" started-at="2024-04-07T00:13:24 ICT" name="testUpdateWithNullModel" description="Kiểm thử cập nhật với mô hình null" finished-at="2024-04-07T00:13:24 ICT" duration-ms="44" status="PASS">
          <reporter-output>
          </reporter-output>
        </test-method> <!-- testUpdateWithNullModel -->
        <test-method is-config="true" signature="tearDown()[pri:0, instance:TestNGDAO.TestNhanVienDAO@3232a28a]" started-at="2024-04-07T00:13:24 ICT" name="tearDown" finished-at="2024-04-07T00:13:24 ICT" duration-ms="0" status="PASS">
          <reporter-output>
          </reporter-output>
        </test-method> <!-- tearDown -->
        <test-method is-config="true" signature="setUp()[pri:0, instance:TestNGDAO.TestNhanVienDAO@3232a28a]" started-at="2024-04-07T00:13:24 ICT" name="setUp" finished-at="2024-04-07T00:13:24 ICT" duration-ms="0" status="PASS">
          <reporter-output>
          </reporter-output>
        </test-method> <!-- setUp -->
        <test-method signature="testUpdateWithValidModel()[pri:0, instance:TestNGDAO.TestNhanVienDAO@3232a28a]" started-at="2024-04-07T00:13:24 ICT" name="testUpdateWithValidModel" description="Kiểm thử cập nhật với mô hình hợp lệ" finished-at="2024-04-07T00:13:24 ICT" duration-ms="38" status="PASS">
          <reporter-output>
          </reporter-output>
        </test-method> <!-- testUpdateWithValidModel -->
        <test-method is-config="true" signature="tearDown()[pri:0, instance:TestNGDAO.TestNhanVienDAO@3232a28a]" started-at="2024-04-07T00:13:24 ICT" name="tearDown" finished-at="2024-04-07T00:13:24 ICT" duration-ms="0" status="PASS">
          <reporter-output>
          </reporter-output>
        </test-method> <!-- tearDown -->
      </class> <!-- TestNGDAO.TestNhanVienDAO -->
      <class name="TestNGDAO.TestDonHangChiTietDAO">
        <test-method is-config="true" signature="setUp()[pri:0, instance:TestNGDAO.TestDonHangChiTietDAO@7133da86]" started-at="2024-04-07T00:13:23 ICT" name="setUp" finished-at="2024-04-07T00:13:23 ICT" duration-ms="2" status="PASS">
          <reporter-output>
          </reporter-output>
        </test-method> <!-- setUp -->
        <test-method signature="testDeleteWithEmptyModel()[pri:0, instance:TestNGDAO.TestDonHangChiTietDAO@7133da86]" started-at="2024-04-07T00:13:23 ICT" name="testDeleteWithEmptyModel" description="Kiểm thử xóa với ID trống" finished-at="2024-04-07T00:13:23 ICT" duration-ms="33" status="PASS">
          <reporter-output>
          </reporter-output>
        </test-method> <!-- testDeleteWithEmptyModel -->
        <test-method is-config="true" signature="tearDown()[pri:0, instance:TestNGDAO.TestDonHangChiTietDAO@7133da86]" started-at="2024-04-07T00:13:23 ICT" name="tearDown" finished-at="2024-04-07T00:13:23 ICT" duration-ms="0" status="PASS">
          <reporter-output>
          </reporter-output>
        </test-method> <!-- tearDown -->
        <test-method is-config="true" signature="setUp()[pri:0, instance:TestNGDAO.TestDonHangChiTietDAO@7133da86]" started-at="2024-04-07T00:13:23 ICT" name="setUp" finished-at="2024-04-07T00:13:23 ICT" duration-ms="1" status="PASS">
          <reporter-output>
          </reporter-output>
        </test-method> <!-- setUp -->
        <test-method signature="testDeleteWithNullModel()[pri:0, instance:TestNGDAO.TestDonHangChiTietDAO@7133da86]" started-at="2024-04-07T00:13:23 ICT" name="testDeleteWithNullModel" description="Kiểm thử xóa với ID null" finished-at="2024-04-07T00:13:23 ICT" duration-ms="31" status="PASS">
          <reporter-output>
          </reporter-output>
        </test-method> <!-- testDeleteWithNullModel -->
        <test-method is-config="true" signature="tearDown()[pri:0, instance:TestNGDAO.TestDonHangChiTietDAO@7133da86]" started-at="2024-04-07T00:13:23 ICT" name="tearDown" finished-at="2024-04-07T00:13:23 ICT" duration-ms="0" status="PASS">
          <reporter-output>
          </reporter-output>
        </test-method> <!-- tearDown -->
        <test-method signature="testDeleteWithValidModel()[pri:0, instance:TestNGDAO.TestDonHangChiTietDAO@7133da86]" started-at="2024-04-07T00:13:23 ICT" name="testDeleteWithValidModel" description="Kiểm thử xóa với ID hợp lệ" finished-at="2024-04-07T00:13:23 ICT" duration-ms="40" status="PASS">
          <reporter-output>
          </reporter-output>
        </test-method> <!-- testDeleteWithValidModel -->
        <test-method is-config="true" signature="setUp()[pri:0, instance:TestNGDAO.TestDonHangChiTietDAO@7133da86]" started-at="2024-04-07T00:13:23 ICT" name="setUp" finished-at="2024-04-07T00:13:23 ICT" duration-ms="0" status="PASS">
          <reporter-output>
          </reporter-output>
        </test-method> <!-- setUp -->
        <test-method is-config="true" signature="tearDown()[pri:0, instance:TestNGDAO.TestDonHangChiTietDAO@7133da86]" started-at="2024-04-07T00:13:23 ICT" name="tearDown" finished-at="2024-04-07T00:13:23 ICT" duration-ms="1" status="PASS">
          <reporter-output>
          </reporter-output>
        </test-method> <!-- tearDown -->
        <test-method is-config="true" signature="setUp()[pri:0, instance:TestNGDAO.TestDonHangChiTietDAO@7133da86]" started-at="2024-04-07T00:13:23 ICT" name="setUp" finished-at="2024-04-07T00:13:23 ICT" duration-ms="1" status="PASS">
          <reporter-output>
          </reporter-output>
        </test-method> <!-- setUp -->
        <test-method signature="testInsertWithEmptyModel()[pri:0, instance:TestNGDAO.TestDonHangChiTietDAO@7133da86]" started-at="2024-04-07T00:13:23 ICT" name="testInsertWithEmptyModel" description="Kiểm thử chèn với mô hình trống" finished-at="2024-04-07T00:13:23 ICT" duration-ms="33" status="FAIL">
          <exception class="java.lang.RuntimeException">
            <message>
              <![CDATA[com.microsoft.sqlserver.jdbc.SQLServerException: Cannot insert the value NULL into column 'MaSP', table 'QLShop.dbo.DonHangChiTiet'; column does not allow nulls. INSERT fails.]]>
            </message>
            <full-stacktrace>
              <![CDATA[java.lang.RuntimeException: com.microsoft.sqlserver.jdbc.SQLServerException: Cannot insert the value NULL into column 'MaSP', table 'QLShop.dbo.DonHangChiTiet'; column does not allow nulls. INSERT fails.
at com.fsm.utils.jdbcHelper.Update(jdbcHelper.java:51)
at ShopQuanLyAoQuan.dao.DonHangChiTietDAO.insert(DonHangChiTietDAO.java:23)
at TestNGDAO.TestDonHangChiTietDAO.testInsertWithEmptyModel(TestDonHangChiTietDAO.java:51)
at java.base/jdk.internal.reflect.DirectMethodHandleAccessor.invoke(DirectMethodHandleAccessor.java:103)
at java.base/java.lang.reflect.Method.invoke(Method.java:580)
at org.testng.internal.MethodInvocationHelper.invokeMethod(MethodInvocationHelper.java:133)
at org.testng.internal.TestInvoker.invokeMethod(TestInvoker.java:598)
at org.testng.internal.TestInvoker.invokeTestMethod(TestInvoker.java:173)
at org.testng.internal.MethodRunner.runInSequence(MethodRunner.java:46)
at org.testng.internal.TestInvoker$MethodInvocationAgent.invoke(TestInvoker.java:824)
at org.testng.internal.TestInvoker.invokeTestMethods(TestInvoker.java:146)
at org.testng.internal.TestMethodWorker.invokeTestMethods(TestMethodWorker.java:146)
at org.testng.internal.TestMethodWorker.run(TestMethodWorker.java:128)
at java.base/java.util.ArrayList.forEach(ArrayList.java:1596)
at org.testng.TestRunner.privateRun(TestRunner.java:794)
at org.testng.TestRunner.run(TestRunner.java:596)
at org.testng.SuiteRunner.runTest(SuiteRunner.java:377)
at org.testng.SuiteRunner.runSequentially(SuiteRunner.java:371)
at org.testng.SuiteRunner.privateRun(SuiteRunner.java:332)
at org.testng.SuiteRunner.run(SuiteRunner.java:276)
at org.testng.SuiteRunnerWorker.runSuite(SuiteRunnerWorker.java:53)
at org.testng.SuiteRunnerWorker.run(SuiteRunnerWorker.java:96)
at org.testng.TestNG.runSuitesSequentially(TestNG.java:1212)
at org.testng.TestNG.runSuitesLocally(TestNG.java:1134)
at org.testng.TestNG.runSuites(TestNG.java:1063)
at org.testng.TestNG.run(TestNG.java:1031)
at org.testng.remote.AbstractRemoteTestNG.run(AbstractRemoteTestNG.java:115)
at org.testng.remote.RemoteTestNG.initAndRun(RemoteTestNG.java:251)
at org.testng.remote.RemoteTestNG.main(RemoteTestNG.java:77)
Caused by: com.microsoft.sqlserver.jdbc.SQLServerException: Cannot insert the value NULL into column 'MaSP', table 'QLShop.dbo.DonHangChiTiet'; column does not allow nulls. INSERT fails.
at com.microsoft.sqlserver.jdbc.SQLServerException.makeFromDatabaseError(SQLServerException.java:261)
at com.microsoft.sqlserver.jdbc.SQLServerStatement.getNextResult(SQLServerStatement.java:1752)
at com.microsoft.sqlserver.jdbc.SQLServerPreparedStatement.doExecutePreparedStatement(SQLServerPreparedStatement.java:675)
at com.microsoft.sqlserver.jdbc.SQLServerPreparedStatement$PrepStmtExecCmd.doExecute(SQLServerPreparedStatement.java:594)
at com.microsoft.sqlserver.jdbc.TDSCommand.execute(IOBuffer.java:7739)
at com.microsoft.sqlserver.jdbc.SQLServerConnection.executeCommand(SQLServerConnection.java:4384)
at com.microsoft.sqlserver.jdbc.SQLServerStatement.executeCommand(SQLServerStatement.java:293)
at com.microsoft.sqlserver.jdbc.SQLServerStatement.executeStatement(SQLServerStatement.java:263)
at com.microsoft.sqlserver.jdbc.SQLServerPreparedStatement.executeUpdate(SQLServerPreparedStatement.java:537)
at com.fsm.utils.jdbcHelper.Update(jdbcHelper.java:46)
... 28 more
]]>
            </full-stacktrace>
          </exception> <!-- java.lang.RuntimeException -->
          <reporter-output>
          </reporter-output>
        </test-method> <!-- testInsertWithEmptyModel -->
        <test-method is-config="true" signature="tearDown()[pri:0, instance:TestNGDAO.TestDonHangChiTietDAO@7133da86]" started-at="2024-04-07T00:13:23 ICT" name="tearDown" finished-at="2024-04-07T00:13:23 ICT" duration-ms="0" status="PASS">
          <reporter-output>
          </reporter-output>
        </test-method> <!-- tearDown -->
        <test-method is-config="true" signature="setUp()[pri:0, instance:TestNGDAO.TestDonHangChiTietDAO@7133da86]" started-at="2024-04-07T00:13:23 ICT" name="setUp" finished-at="2024-04-07T00:13:23 ICT" duration-ms="1" status="PASS">
          <reporter-output>
          </reporter-output>
        </test-method> <!-- setUp -->
        <test-method signature="testInsertWithNullModel()[pri:0, instance:TestNGDAO.TestDonHangChiTietDAO@7133da86]" started-at="2024-04-07T00:13:23 ICT" name="testInsertWithNullModel" description="Kiểm thử chèn với mô hình null" finished-at="2024-04-07T00:13:23 ICT" duration-ms="31" status="FAIL">
          <exception class="java.lang.RuntimeException">
            <message>
              <![CDATA[com.microsoft.sqlserver.jdbc.SQLServerException: Cannot insert the value NULL into column 'MaSP', table 'QLShop.dbo.DonHangChiTiet'; column does not allow nulls. INSERT fails.]]>
            </message>
            <full-stacktrace>
              <![CDATA[java.lang.RuntimeException: com.microsoft.sqlserver.jdbc.SQLServerException: Cannot insert the value NULL into column 'MaSP', table 'QLShop.dbo.DonHangChiTiet'; column does not allow nulls. INSERT fails.
at com.fsm.utils.jdbcHelper.Update(jdbcHelper.java:51)
at ShopQuanLyAoQuan.dao.DonHangChiTietDAO.insert(DonHangChiTietDAO.java:23)
at TestNGDAO.TestDonHangChiTietDAO.testInsertWithNullModel(TestDonHangChiTietDAO.java:39)
at java.base/jdk.internal.reflect.DirectMethodHandleAccessor.invoke(DirectMethodHandleAccessor.java:103)
at java.base/java.lang.reflect.Method.invoke(Method.java:580)
at org.testng.internal.MethodInvocationHelper.invokeMethod(MethodInvocationHelper.java:133)
at org.testng.internal.TestInvoker.invokeMethod(TestInvoker.java:598)
at org.testng.internal.TestInvoker.invokeTestMethod(TestInvoker.java:173)
at org.testng.internal.MethodRunner.runInSequence(MethodRunner.java:46)
at org.testng.internal.TestInvoker$MethodInvocationAgent.invoke(TestInvoker.java:824)
at org.testng.internal.TestInvoker.invokeTestMethods(TestInvoker.java:146)
at org.testng.internal.TestMethodWorker.invokeTestMethods(TestMethodWorker.java:146)
at org.testng.internal.TestMethodWorker.run(TestMethodWorker.java:128)
at java.base/java.util.ArrayList.forEach(ArrayList.java:1596)
at org.testng.TestRunner.privateRun(TestRunner.java:794)
at org.testng.TestRunner.run(TestRunner.java:596)
at org.testng.SuiteRunner.runTest(SuiteRunner.java:377)
at org.testng.SuiteRunner.runSequentially(SuiteRunner.java:371)
at org.testng.SuiteRunner.privateRun(SuiteRunner.java:332)
at org.testng.SuiteRunner.run(SuiteRunner.java:276)
at org.testng.SuiteRunnerWorker.runSuite(SuiteRunnerWorker.java:53)
at org.testng.SuiteRunnerWorker.run(SuiteRunnerWorker.java:96)
at org.testng.TestNG.runSuitesSequentially(TestNG.java:1212)
at org.testng.TestNG.runSuitesLocally(TestNG.java:1134)
at org.testng.TestNG.runSuites(TestNG.java:1063)
at org.testng.TestNG.run(TestNG.java:1031)
at org.testng.remote.AbstractRemoteTestNG.run(AbstractRemoteTestNG.java:115)
at org.testng.remote.RemoteTestNG.initAndRun(RemoteTestNG.java:251)
at org.testng.remote.RemoteTestNG.main(RemoteTestNG.java:77)
Caused by: com.microsoft.sqlserver.jdbc.SQLServerException: Cannot insert the value NULL into column 'MaSP', table 'QLShop.dbo.DonHangChiTiet'; column does not allow nulls. INSERT fails.
at com.microsoft.sqlserver.jdbc.SQLServerException.makeFromDatabaseError(SQLServerException.java:261)
at com.microsoft.sqlserver.jdbc.SQLServerStatement.getNextResult(SQLServerStatement.java:1752)
at com.microsoft.sqlserver.jdbc.SQLServerPreparedStatement.doExecutePreparedStatement(SQLServerPreparedStatement.java:675)
at com.microsoft.sqlserver.jdbc.SQLServerPreparedStatement$PrepStmtExecCmd.doExecute(SQLServerPreparedStatement.java:594)
at com.microsoft.sqlserver.jdbc.TDSCommand.execute(IOBuffer.java:7739)
at com.microsoft.sqlserver.jdbc.SQLServerConnection.executeCommand(SQLServerConnection.java:4384)
at com.microsoft.sqlserver.jdbc.SQLServerStatement.executeCommand(SQLServerStatement.java:293)
at com.microsoft.sqlserver.jdbc.SQLServerStatement.executeStatement(SQLServerStatement.java:263)
at com.microsoft.sqlserver.jdbc.SQLServerPreparedStatement.executeUpdate(SQLServerPreparedStatement.java:537)
at com.fsm.utils.jdbcHelper.Update(jdbcHelper.java:46)
... 28 more
]]>
            </full-stacktrace>
          </exception> <!-- java.lang.RuntimeException -->
          <reporter-output>
          </reporter-output>
        </test-method> <!-- testInsertWithNullModel -->
        <test-method is-config="true" signature="tearDown()[pri:0, instance:TestNGDAO.TestDonHangChiTietDAO@7133da86]" started-at="2024-04-07T00:13:23 ICT" name="tearDown" finished-at="2024-04-07T00:13:23 ICT" duration-ms="0" status="PASS">
          <reporter-output>
          </reporter-output>
        </test-method> <!-- tearDown -->
        <test-method signature="testInsertWithValidModel()[pri:0, instance:TestNGDAO.TestDonHangChiTietDAO@7133da86]" started-at="2024-04-07T00:13:23 ICT" name="testInsertWithValidModel" description="Kiểm thử chèn với mô hình hợp lệ" finished-at="2024-04-07T00:13:23 ICT" duration-ms="25" status="PASS">
          <reporter-output>
          </reporter-output>
        </test-method> <!-- testInsertWithValidModel -->
        <test-method is-config="true" signature="setUp()[pri:0, instance:TestNGDAO.TestDonHangChiTietDAO@7133da86]" started-at="2024-04-07T00:13:23 ICT" name="setUp" finished-at="2024-04-07T00:13:23 ICT" duration-ms="0" status="PASS">
          <reporter-output>
          </reporter-output>
        </test-method> <!-- setUp -->
        <test-method is-config="true" signature="tearDown()[pri:0, instance:TestNGDAO.TestDonHangChiTietDAO@7133da86]" started-at="2024-04-07T00:13:23 ICT" name="tearDown" finished-at="2024-04-07T00:13:23 ICT" duration-ms="1" status="PASS">
          <reporter-output>
          </reporter-output>
        </test-method> <!-- tearDown -->
        <test-method signature="testUpdateWithEmptyModel()[pri:0, instance:TestNGDAO.TestDonHangChiTietDAO@7133da86]" started-at="2024-04-07T00:13:23 ICT" name="testUpdateWithEmptyModel" description="Kiểm thử cập nhật với mô hình trống" finished-at="2024-04-07T00:13:23 ICT" duration-ms="26" status="PASS">
          <reporter-output>
          </reporter-output>
        </test-method> <!-- testUpdateWithEmptyModel -->
        <test-method is-config="true" signature="setUp()[pri:0, instance:TestNGDAO.TestDonHangChiTietDAO@7133da86]" started-at="2024-04-07T00:13:23 ICT" name="setUp" finished-at="2024-04-07T00:13:23 ICT" duration-ms="0" status="PASS">
          <reporter-output>
          </reporter-output>
        </test-method> <!-- setUp -->
        <test-method is-config="true" signature="tearDown()[pri:0, instance:TestNGDAO.TestDonHangChiTietDAO@7133da86]" started-at="2024-04-07T00:13:23 ICT" name="tearDown" finished-at="2024-04-07T00:13:23 ICT" duration-ms="0" status="PASS">
          <reporter-output>
          </reporter-output>
        </test-method> <!-- tearDown -->
        <test-method is-config="true" signature="setUp()[pri:0, instance:TestNGDAO.TestDonHangChiTietDAO@7133da86]" started-at="2024-04-07T00:13:23 ICT" name="setUp" finished-at="2024-04-07T00:13:23 ICT" duration-ms="0" status="PASS">
          <reporter-output>
          </reporter-output>
        </test-method> <!-- setUp -->
        <test-method signature="testUpdateWithNullModel()[pri:0, instance:TestNGDAO.TestDonHangChiTietDAO@7133da86]" started-at="2024-04-07T00:13:23 ICT" name="testUpdateWithNullModel" description="Kiểm thử cập nhật với mô hình null" finished-at="2024-04-07T00:13:23 ICT" duration-ms="35" status="PASS">
          <reporter-output>
          </reporter-output>
        </test-method> <!-- testUpdateWithNullModel -->
        <test-method is-config="true" signature="tearDown()[pri:0, instance:TestNGDAO.TestDonHangChiTietDAO@7133da86]" started-at="2024-04-07T00:13:23 ICT" name="tearDown" finished-at="2024-04-07T00:13:23 ICT" duration-ms="0" status="PASS">
          <reporter-output>
          </reporter-output>
        </test-method> <!-- tearDown -->
        <test-method is-config="true" signature="setUp()[pri:0, instance:TestNGDAO.TestDonHangChiTietDAO@7133da86]" started-at="2024-04-07T00:13:23 ICT" name="setUp" finished-at="2024-04-07T00:13:23 ICT" duration-ms="0" status="PASS">
          <reporter-output>
          </reporter-output>
        </test-method> <!-- setUp -->
        <test-method signature="testUpdateWithValidModel()[pri:0, instance:TestNGDAO.TestDonHangChiTietDAO@7133da86]" started-at="2024-04-07T00:13:23 ICT" name="testUpdateWithValidModel" description="Kiểm thử cập nhật với mô hình hợp lệ" finished-at="2024-04-07T00:13:23 ICT" duration-ms="37" status="PASS">
          <reporter-output>
          </reporter-output>
        </test-method> <!-- testUpdateWithValidModel -->
        <test-method is-config="true" signature="tearDown()[pri:0, instance:TestNGDAO.TestDonHangChiTietDAO@7133da86]" started-at="2024-04-07T00:13:23 ICT" name="tearDown" finished-at="2024-04-07T00:13:23 ICT" duration-ms="0" status="PASS">
          <reporter-output>
          </reporter-output>
        </test-method> <!-- tearDown -->
      </class> <!-- TestNGDAO.TestDonHangChiTietDAO -->
      <class name="ShopQuanLyAoQuan.entity.test.DonHangTest">
        <test-method signature="getGhiChuTest()[pri:0, instance:ShopQuanLyAoQuan.entity.test.DonHangTest@37654521]" started-at="2024-04-07T00:13:19 ICT" name="getGhiChuTest" finished-at="2024-04-07T00:13:19 ICT" duration-ms="18" status="PASS">
          <reporter-output>
          </reporter-output>
        </test-method> <!-- getGhiChuTest -->
        <test-method signature="getMaDHTest()[pri:0, instance:ShopQuanLyAoQuan.entity.test.DonHangTest@37654521]" started-at="2024-04-07T00:13:19 ICT" name="getMaDHTest" finished-at="2024-04-07T00:13:19 ICT" duration-ms="3" status="PASS">
          <reporter-output>
          </reporter-output>
        </test-method> <!-- getMaDHTest -->
        <test-method signature="getMaKHTest()[pri:0, instance:ShopQuanLyAoQuan.entity.test.DonHangTest@37654521]" started-at="2024-04-07T00:13:19 ICT" name="getMaKHTest" finished-at="2024-04-07T00:13:19 ICT" duration-ms="5" status="PASS">
          <reporter-output>
          </reporter-output>
        </test-method> <!-- getMaKHTest -->
        <test-method signature="getMaNVTest()[pri:0, instance:ShopQuanLyAoQuan.entity.test.DonHangTest@37654521]" started-at="2024-04-07T00:13:19 ICT" name="getMaNVTest" finished-at="2024-04-07T00:13:19 ICT" duration-ms="2" status="PASS">
          <reporter-output>
          </reporter-output>
        </test-method> <!-- getMaNVTest -->
        <test-method signature="getNgayLapTest()[pri:0, instance:ShopQuanLyAoQuan.entity.test.DonHangTest@37654521]" started-at="2024-04-07T00:13:19 ICT" name="getNgayLapTest" finished-at="2024-04-07T00:13:19 ICT" duration-ms="2" status="PASS">
          <reporter-output>
          </reporter-output>
        </test-method> <!-- getNgayLapTest -->
        <test-method signature="getTongTienTest()[pri:0, instance:ShopQuanLyAoQuan.entity.test.DonHangTest@37654521]" started-at="2024-04-07T00:13:19 ICT" name="getTongTienTest" finished-at="2024-04-07T00:13:19 ICT" duration-ms="3" status="PASS">
          <reporter-output>
          </reporter-output>
        </test-method> <!-- getTongTienTest -->
        <test-method signature="setGhiChuTest()[pri:0, instance:ShopQuanLyAoQuan.entity.test.DonHangTest@37654521]" started-at="2024-04-07T00:13:19 ICT" name="setGhiChuTest" finished-at="2024-04-07T00:13:19 ICT" duration-ms="3" status="PASS">
          <reporter-output>
          </reporter-output>
        </test-method> <!-- setGhiChuTest -->
        <test-method signature="setMaDHTest()[pri:0, instance:ShopQuanLyAoQuan.entity.test.DonHangTest@37654521]" started-at="2024-04-07T00:13:19 ICT" name="setMaDHTest" finished-at="2024-04-07T00:13:19 ICT" duration-ms="3" status="PASS">
          <reporter-output>
          </reporter-output>
        </test-method> <!-- setMaDHTest -->
        <test-method signature="setMaKHTest()[pri:0, instance:ShopQuanLyAoQuan.entity.test.DonHangTest@37654521]" started-at="2024-04-07T00:13:19 ICT" name="setMaKHTest" finished-at="2024-04-07T00:13:19 ICT" duration-ms="3" status="PASS">
          <reporter-output>
          </reporter-output>
        </test-method> <!-- setMaKHTest -->
        <test-method signature="setMaNVTest()[pri:0, instance:ShopQuanLyAoQuan.entity.test.DonHangTest@37654521]" started-at="2024-04-07T00:13:19 ICT" name="setMaNVTest" finished-at="2024-04-07T00:13:19 ICT" duration-ms="2" status="PASS">
          <reporter-output>
          </reporter-output>
        </test-method> <!-- setMaNVTest -->
        <test-method signature="setNgayLapTest()[pri:0, instance:ShopQuanLyAoQuan.entity.test.DonHangTest@37654521]" started-at="2024-04-07T00:13:19 ICT" name="setNgayLapTest" finished-at="2024-04-07T00:13:19 ICT" duration-ms="65" status="PASS">
          <reporter-output>
          </reporter-output>
        </test-method> <!-- setNgayLapTest -->
        <test-method signature="setNgayLap_withInvalidDate()[pri:0, instance:ShopQuanLyAoQuan.entity.test.DonHangTest@37654521]" started-at="2024-04-07T00:13:19 ICT" name="setNgayLap_withInvalidDate" finished-at="2024-04-07T00:13:19 ICT" duration-ms="2" status="PASS">
          <reporter-output>
          </reporter-output>
        </test-method> <!-- setNgayLap_withInvalidDate -->
        <test-method signature="setTongTienTest()[pri:0, instance:ShopQuanLyAoQuan.entity.test.DonHangTest@37654521]" started-at="2024-04-07T00:13:19 ICT" name="setTongTienTest" finished-at="2024-04-07T00:13:19 ICT" duration-ms="2" status="PASS">
          <reporter-output>
          </reporter-output>
        </test-method> <!-- setTongTienTest -->
      </class> <!-- ShopQuanLyAoQuan.entity.test.DonHangTest -->
      <class name="TestNGDAO.TestDonHangDAO">
        <test-method is-config="true" signature="setUp()[pri:0, instance:TestNGDAO.TestDonHangDAO@53fdffa1]" started-at="2024-04-07T00:13:22 ICT" name="setUp" finished-at="2024-04-07T00:13:22 ICT" duration-ms="2" status="PASS">
          <reporter-output>
          </reporter-output>
        </test-method> <!-- setUp -->
        <test-method signature="testDeleteWithEmptyModel()[pri:0, instance:TestNGDAO.TestDonHangDAO@53fdffa1]" started-at="2024-04-07T00:13:22 ICT" name="testDeleteWithEmptyModel" description="Kiểm thử xóa với ID trống" finished-at="2024-04-07T00:13:22 ICT" duration-ms="47" status="PASS">
          <reporter-output>
          </reporter-output>
        </test-method> <!-- testDeleteWithEmptyModel -->
        <test-method is-config="true" signature="tearDown()[pri:0, instance:TestNGDAO.TestDonHangDAO@53fdffa1]" started-at="2024-04-07T00:13:22 ICT" name="tearDown" finished-at="2024-04-07T00:13:22 ICT" duration-ms="1" status="PASS">
          <reporter-output>
          </reporter-output>
        </test-method> <!-- tearDown -->
        <test-method signature="testDeleteWithNullModel()[pri:0, instance:TestNGDAO.TestDonHangDAO@53fdffa1]" started-at="2024-04-07T00:13:22 ICT" name="testDeleteWithNullModel" description="Kiểm thử xóa với ID null" finished-at="2024-04-07T00:13:22 ICT" duration-ms="31" status="PASS">
          <reporter-output>
          </reporter-output>
        </test-method> <!-- testDeleteWithNullModel -->
        <test-method is-config="true" signature="setUp()[pri:0, instance:TestNGDAO.TestDonHangDAO@53fdffa1]" started-at="2024-04-07T00:13:22 ICT" name="setUp" finished-at="2024-04-07T00:13:22 ICT" duration-ms="0" status="PASS">
          <reporter-output>
          </reporter-output>
        </test-method> <!-- setUp -->
        <test-method is-config="true" signature="tearDown()[pri:0, instance:TestNGDAO.TestDonHangDAO@53fdffa1]" started-at="2024-04-07T00:13:22 ICT" name="tearDown" finished-at="2024-04-07T00:13:22 ICT" duration-ms="0" status="PASS">
          <reporter-output>
          </reporter-output>
        </test-method> <!-- tearDown -->
        <test-method is-config="true" signature="setUp()[pri:0, instance:TestNGDAO.TestDonHangDAO@53fdffa1]" started-at="2024-04-07T00:13:22 ICT" name="setUp" finished-at="2024-04-07T00:13:22 ICT" duration-ms="1" status="PASS">
          <reporter-output>
          </reporter-output>
        </test-method> <!-- setUp -->
        <test-method signature="testDeleteWithValidModel()[pri:0, instance:TestNGDAO.TestDonHangDAO@53fdffa1]" started-at="2024-04-07T00:13:22 ICT" name="testDeleteWithValidModel" description="Kiểm thử xóa với ID hợp lệ" finished-at="2024-04-07T00:13:22 ICT" duration-ms="37" status="PASS">
          <reporter-output>
          </reporter-output>
        </test-method> <!-- testDeleteWithValidModel -->
        <test-method is-config="true" signature="tearDown()[pri:0, instance:TestNGDAO.TestDonHangDAO@53fdffa1]" started-at="2024-04-07T00:13:22 ICT" name="tearDown" finished-at="2024-04-07T00:13:22 ICT" duration-ms="1" status="PASS">
          <reporter-output>
          </reporter-output>
        </test-method> <!-- tearDown -->
        <test-method signature="testInsertWithEmptyModel()[pri:0, instance:TestNGDAO.TestDonHangDAO@53fdffa1]" started-at="2024-04-07T00:13:22 ICT" name="testInsertWithEmptyModel" description="Kiểm thử chèn với mô hình trống" finished-at="2024-04-07T00:13:22 ICT" duration-ms="41" status="FAIL">
          <exception class="java.lang.RuntimeException">
            <message>
              <![CDATA[com.microsoft.sqlserver.jdbc.SQLServerException: Cannot insert the value NULL into column 'MaKH', table 'QLShop.dbo.DonHang'; column does not allow nulls. INSERT fails.]]>
            </message>
            <full-stacktrace>
              <![CDATA[java.lang.RuntimeException: com.microsoft.sqlserver.jdbc.SQLServerException: Cannot insert the value NULL into column 'MaKH', table 'QLShop.dbo.DonHang'; column does not allow nulls. INSERT fails.
at com.fsm.utils.jdbcHelper.Update(jdbcHelper.java:51)
at ShopQuanLyAoQuan.dao.DonHangDAO.insert(DonHangDAO.java:31)
at TestNGDAO.TestDonHangDAO.testInsertWithEmptyModel(TestDonHangDAO.java:46)
at java.base/jdk.internal.reflect.DirectMethodHandleAccessor.invoke(DirectMethodHandleAccessor.java:103)
at java.base/java.lang.reflect.Method.invoke(Method.java:580)
at org.testng.internal.MethodInvocationHelper.invokeMethod(MethodInvocationHelper.java:133)
at org.testng.internal.TestInvoker.invokeMethod(TestInvoker.java:598)
at org.testng.internal.TestInvoker.invokeTestMethod(TestInvoker.java:173)
at org.testng.internal.MethodRunner.runInSequence(MethodRunner.java:46)
at org.testng.internal.TestInvoker$MethodInvocationAgent.invoke(TestInvoker.java:824)
at org.testng.internal.TestInvoker.invokeTestMethods(TestInvoker.java:146)
at org.testng.internal.TestMethodWorker.invokeTestMethods(TestMethodWorker.java:146)
at org.testng.internal.TestMethodWorker.run(TestMethodWorker.java:128)
at java.base/java.util.ArrayList.forEach(ArrayList.java:1596)
at org.testng.TestRunner.privateRun(TestRunner.java:794)
at org.testng.TestRunner.run(TestRunner.java:596)
at org.testng.SuiteRunner.runTest(SuiteRunner.java:377)
at org.testng.SuiteRunner.runSequentially(SuiteRunner.java:371)
at org.testng.SuiteRunner.privateRun(SuiteRunner.java:332)
at org.testng.SuiteRunner.run(SuiteRunner.java:276)
at org.testng.SuiteRunnerWorker.runSuite(SuiteRunnerWorker.java:53)
at org.testng.SuiteRunnerWorker.run(SuiteRunnerWorker.java:96)
at org.testng.TestNG.runSuitesSequentially(TestNG.java:1212)
at org.testng.TestNG.runSuitesLocally(TestNG.java:1134)
at org.testng.TestNG.runSuites(TestNG.java:1063)
at org.testng.TestNG.run(TestNG.java:1031)
at org.testng.remote.AbstractRemoteTestNG.run(AbstractRemoteTestNG.java:115)
at org.testng.remote.RemoteTestNG.initAndRun(RemoteTestNG.java:251)
at org.testng.remote.RemoteTestNG.main(RemoteTestNG.java:77)
Caused by: com.microsoft.sqlserver.jdbc.SQLServerException: Cannot insert the value NULL into column 'MaKH', table 'QLShop.dbo.DonHang'; column does not allow nulls. INSERT fails.
at com.microsoft.sqlserver.jdbc.SQLServerException.makeFromDatabaseError(SQLServerException.java:261)
at com.microsoft.sqlserver.jdbc.SQLServerStatement.getNextResult(SQLServerStatement.java:1752)
at com.microsoft.sqlserver.jdbc.SQLServerPreparedStatement.doExecutePreparedStatement(SQLServerPreparedStatement.java:675)
at com.microsoft.sqlserver.jdbc.SQLServerPreparedStatement$PrepStmtExecCmd.doExecute(SQLServerPreparedStatement.java:594)
at com.microsoft.sqlserver.jdbc.TDSCommand.execute(IOBuffer.java:7739)
at com.microsoft.sqlserver.jdbc.SQLServerConnection.executeCommand(SQLServerConnection.java:4384)
at com.microsoft.sqlserver.jdbc.SQLServerStatement.executeCommand(SQLServerStatement.java:293)
at com.microsoft.sqlserver.jdbc.SQLServerStatement.executeStatement(SQLServerStatement.java:263)
at com.microsoft.sqlserver.jdbc.SQLServerPreparedStatement.executeUpdate(SQLServerPreparedStatement.java:537)
at com.fsm.utils.jdbcHelper.Update(jdbcHelper.java:46)
... 28 more
]]>
            </full-stacktrace>
          </exception> <!-- java.lang.RuntimeException -->
          <reporter-output>
          </reporter-output>
        </test-method> <!-- testInsertWithEmptyModel -->
        <test-method is-config="true" signature="setUp()[pri:0, instance:TestNGDAO.TestDonHangDAO@53fdffa1]" started-at="2024-04-07T00:13:22 ICT" name="setUp" finished-at="2024-04-07T00:13:22 ICT" duration-ms="0" status="PASS">
          <reporter-output>
          </reporter-output>
        </test-method> <!-- setUp -->
        <test-method is-config="true" signature="tearDown()[pri:0, instance:TestNGDAO.TestDonHangDAO@53fdffa1]" started-at="2024-04-07T00:13:22 ICT" name="tearDown" finished-at="2024-04-07T00:13:22 ICT" duration-ms="1" status="PASS">
          <reporter-output>
          </reporter-output>
        </test-method> <!-- tearDown -->
        <test-method is-config="true" signature="setUp()[pri:0, instance:TestNGDAO.TestDonHangDAO@53fdffa1]" started-at="2024-04-07T00:13:22 ICT" name="setUp" finished-at="2024-04-07T00:13:22 ICT" duration-ms="1" status="PASS">
          <reporter-output>
          </reporter-output>
        </test-method> <!-- setUp -->
        <test-method signature="testInsertWithNullModel()[pri:0, instance:TestNGDAO.TestDonHangDAO@53fdffa1]" started-at="2024-04-07T00:13:22 ICT" name="testInsertWithNullModel" description="Kiểm thử chèn với mô hình null" finished-at="2024-04-07T00:13:22 ICT" duration-ms="47" status="FAIL">
          <exception class="java.lang.RuntimeException">
            <message>
              <![CDATA[com.microsoft.sqlserver.jdbc.SQLServerException: Cannot insert the value NULL into column 'MaDH', table 'QLShop.dbo.DonHang'; column does not allow nulls. INSERT fails.]]>
            </message>
            <full-stacktrace>
              <![CDATA[java.lang.RuntimeException: com.microsoft.sqlserver.jdbc.SQLServerException: Cannot insert the value NULL into column 'MaDH', table 'QLShop.dbo.DonHang'; column does not allow nulls. INSERT fails.
at com.fsm.utils.jdbcHelper.Update(jdbcHelper.java:51)
at ShopQuanLyAoQuan.dao.DonHangDAO.insert(DonHangDAO.java:31)
at TestNGDAO.TestDonHangDAO.testInsertWithNullModel(TestDonHangDAO.java:38)
at java.base/jdk.internal.reflect.DirectMethodHandleAccessor.invoke(DirectMethodHandleAccessor.java:103)
at java.base/java.lang.reflect.Method.invoke(Method.java:580)
at org.testng.internal.MethodInvocationHelper.invokeMethod(MethodInvocationHelper.java:133)
at org.testng.internal.TestInvoker.invokeMethod(TestInvoker.java:598)
at org.testng.internal.TestInvoker.invokeTestMethod(TestInvoker.java:173)
at org.testng.internal.MethodRunner.runInSequence(MethodRunner.java:46)
at org.testng.internal.TestInvoker$MethodInvocationAgent.invoke(TestInvoker.java:824)
at org.testng.internal.TestInvoker.invokeTestMethods(TestInvoker.java:146)
at org.testng.internal.TestMethodWorker.invokeTestMethods(TestMethodWorker.java:146)
at org.testng.internal.TestMethodWorker.run(TestMethodWorker.java:128)
at java.base/java.util.ArrayList.forEach(ArrayList.java:1596)
at org.testng.TestRunner.privateRun(TestRunner.java:794)
at org.testng.TestRunner.run(TestRunner.java:596)
at org.testng.SuiteRunner.runTest(SuiteRunner.java:377)
at org.testng.SuiteRunner.runSequentially(SuiteRunner.java:371)
at org.testng.SuiteRunner.privateRun(SuiteRunner.java:332)
at org.testng.SuiteRunner.run(SuiteRunner.java:276)
at org.testng.SuiteRunnerWorker.runSuite(SuiteRunnerWorker.java:53)
at org.testng.SuiteRunnerWorker.run(SuiteRunnerWorker.java:96)
at org.testng.TestNG.runSuitesSequentially(TestNG.java:1212)
at org.testng.TestNG.runSuitesLocally(TestNG.java:1134)
at org.testng.TestNG.runSuites(TestNG.java:1063)
at org.testng.TestNG.run(TestNG.java:1031)
at org.testng.remote.AbstractRemoteTestNG.run(AbstractRemoteTestNG.java:115)
at org.testng.remote.RemoteTestNG.initAndRun(RemoteTestNG.java:251)
at org.testng.remote.RemoteTestNG.main(RemoteTestNG.java:77)
Caused by: com.microsoft.sqlserver.jdbc.SQLServerException: Cannot insert the value NULL into column 'MaDH', table 'QLShop.dbo.DonHang'; column does not allow nulls. INSERT fails.
at com.microsoft.sqlserver.jdbc.SQLServerException.makeFromDatabaseError(SQLServerException.java:261)
at com.microsoft.sqlserver.jdbc.SQLServerStatement.getNextResult(SQLServerStatement.java:1752)
at com.microsoft.sqlserver.jdbc.SQLServerPreparedStatement.doExecutePreparedStatement(SQLServerPreparedStatement.java:675)
at com.microsoft.sqlserver.jdbc.SQLServerPreparedStatement$PrepStmtExecCmd.doExecute(SQLServerPreparedStatement.java:594)
at com.microsoft.sqlserver.jdbc.TDSCommand.execute(IOBuffer.java:7739)
at com.microsoft.sqlserver.jdbc.SQLServerConnection.executeCommand(SQLServerConnection.java:4384)
at com.microsoft.sqlserver.jdbc.SQLServerStatement.executeCommand(SQLServerStatement.java:293)
at com.microsoft.sqlserver.jdbc.SQLServerStatement.executeStatement(SQLServerStatement.java:263)
at com.microsoft.sqlserver.jdbc.SQLServerPreparedStatement.executeUpdate(SQLServerPreparedStatement.java:537)
at com.fsm.utils.jdbcHelper.Update(jdbcHelper.java:46)
... 28 more
]]>
            </full-stacktrace>
          </exception> <!-- java.lang.RuntimeException -->
          <reporter-output>
          </reporter-output>
        </test-method> <!-- testInsertWithNullModel -->
        <test-method is-config="true" signature="tearDown()[pri:0, instance:TestNGDAO.TestDonHangDAO@53fdffa1]" started-at="2024-04-07T00:13:22 ICT" name="tearDown" finished-at="2024-04-07T00:13:22 ICT" duration-ms="1" status="PASS">
          <reporter-output>
          </reporter-output>
        </test-method> <!-- tearDown -->
        <test-method signature="testInsertWithValidModel()[pri:0, instance:TestNGDAO.TestDonHangDAO@53fdffa1]" started-at="2024-04-07T00:13:22 ICT" name="testInsertWithValidModel" description="Kiểm thử chèn với mô hình hợp lệ" finished-at="2024-04-07T00:13:22 ICT" duration-ms="49" status="PASS">
          <reporter-output>
          </reporter-output>
        </test-method> <!-- testInsertWithValidModel -->
        <test-method is-config="true" signature="setUp()[pri:0, instance:TestNGDAO.TestDonHangDAO@53fdffa1]" started-at="2024-04-07T00:13:22 ICT" name="setUp" finished-at="2024-04-07T00:13:22 ICT" duration-ms="0" status="PASS">
          <reporter-output>
          </reporter-output>
        </test-method> <!-- setUp -->
        <test-method is-config="true" signature="tearDown()[pri:0, instance:TestNGDAO.TestDonHangDAO@53fdffa1]" started-at="2024-04-07T00:13:22 ICT" name="tearDown" finished-at="2024-04-07T00:13:22 ICT" duration-ms="0" status="PASS">
          <reporter-output>
          </reporter-output>
        </test-method> <!-- tearDown -->
        <test-method is-config="true" signature="setUp()[pri:0, instance:TestNGDAO.TestDonHangDAO@53fdffa1]" started-at="2024-04-07T00:13:22 ICT" name="setUp" finished-at="2024-04-07T00:13:22 ICT" duration-ms="0" status="PASS">
          <reporter-output>
          </reporter-output>
        </test-method> <!-- setUp -->
        <test-method signature="testSelectAll()[pri:0, instance:TestNGDAO.TestDonHangDAO@53fdffa1]" started-at="2024-04-07T00:13:22 ICT" name="testSelectAll" description="Kiểm thử lấy tất cả" finished-at="2024-04-07T00:13:22 ICT" duration-ms="36" status="PASS">
          <reporter-output>
          </reporter-output>
        </test-method> <!-- testSelectAll -->
        <test-method is-config="true" signature="tearDown()[pri:0, instance:TestNGDAO.TestDonHangDAO@53fdffa1]" started-at="2024-04-07T00:13:22 ICT" name="tearDown" finished-at="2024-04-07T00:13:22 ICT" duration-ms="1" status="PASS">
          <reporter-output>
          </reporter-output>
        </test-method> <!-- tearDown -->
        <test-method is-config="true" signature="setUp()[pri:0, instance:TestNGDAO.TestDonHangDAO@53fdffa1]" started-at="2024-04-07T00:13:22 ICT" name="setUp" finished-at="2024-04-07T00:13:22 ICT" duration-ms="0" status="PASS">
          <reporter-output>
          </reporter-output>
        </test-method> <!-- setUp -->
        <test-method signature="testSelectById()[pri:0, instance:TestNGDAO.TestDonHangDAO@53fdffa1]" started-at="2024-04-07T00:13:22 ICT" name="testSelectById" description="Kiểm thử lấy theo ID" finished-at="2024-04-07T00:13:22 ICT" duration-ms="30" status="PASS">
          <reporter-output>
          </reporter-output>
        </test-method> <!-- testSelectById -->
        <test-method is-config="true" signature="tearDown()[pri:0, instance:TestNGDAO.TestDonHangDAO@53fdffa1]" started-at="2024-04-07T00:13:22 ICT" name="tearDown" finished-at="2024-04-07T00:13:22 ICT" duration-ms="1" status="PASS">
          <reporter-output>
          </reporter-output>
        </test-method> <!-- tearDown -->
        <test-method is-config="true" signature="setUp()[pri:0, instance:TestNGDAO.TestDonHangDAO@53fdffa1]" started-at="2024-04-07T00:13:22 ICT" name="setUp" finished-at="2024-04-07T00:13:22 ICT" duration-ms="0" status="PASS">
          <reporter-output>
          </reporter-output>
        </test-method> <!-- setUp -->
        <test-method signature="testUpdateWithEmptyModel()[pri:0, instance:TestNGDAO.TestDonHangDAO@53fdffa1]" started-at="2024-04-07T00:13:22 ICT" name="testUpdateWithEmptyModel" description="Kiểm thử cập nhật với mô hình trống" finished-at="2024-04-07T00:13:22 ICT" duration-ms="36" status="PASS">
          <reporter-output>
          </reporter-output>
        </test-method> <!-- testUpdateWithEmptyModel -->
        <test-method is-config="true" signature="setUp()[pri:0, instance:TestNGDAO.TestDonHangDAO@53fdffa1]" started-at="2024-04-07T00:13:22 ICT" name="setUp" finished-at="2024-04-07T00:13:22 ICT" duration-ms="0" status="PASS">
          <reporter-output>
          </reporter-output>
        </test-method> <!-- setUp -->
        <test-method is-config="true" signature="tearDown()[pri:0, instance:TestNGDAO.TestDonHangDAO@53fdffa1]" started-at="2024-04-07T00:13:22 ICT" name="tearDown" finished-at="2024-04-07T00:13:22 ICT" duration-ms="0" status="PASS">
          <reporter-output>
          </reporter-output>
        </test-method> <!-- tearDown -->
        <test-method signature="testUpdateWithNullModel()[pri:0, instance:TestNGDAO.TestDonHangDAO@53fdffa1]" started-at="2024-04-07T00:13:22 ICT" name="testUpdateWithNullModel" description="Kiểm thử cập nhật với mô hình null" finished-at="2024-04-07T00:13:22 ICT" duration-ms="38" status="PASS">
          <reporter-output>
          </reporter-output>
        </test-method> <!-- testUpdateWithNullModel -->
        <test-method is-config="true" signature="tearDown()[pri:0, instance:TestNGDAO.TestDonHangDAO@53fdffa1]" started-at="2024-04-07T00:13:22 ICT" name="tearDown" finished-at="2024-04-07T00:13:22 ICT" duration-ms="0" status="PASS">
          <reporter-output>
          </reporter-output>
        </test-method> <!-- tearDown -->
        <test-method is-config="true" signature="setUp()[pri:0, instance:TestNGDAO.TestDonHangDAO@53fdffa1]" started-at="2024-04-07T00:13:22 ICT" name="setUp" finished-at="2024-04-07T00:13:22 ICT" duration-ms="1" status="PASS">
          <reporter-output>
          </reporter-output>
        </test-method> <!-- setUp -->
        <test-method signature="testUpdateWithValidModel()[pri:0, instance:TestNGDAO.TestDonHangDAO@53fdffa1]" started-at="2024-04-07T00:13:22 ICT" name="testUpdateWithValidModel" description="Kiểm thử cập nhật với mô hình hợp lệ" finished-at="2024-04-07T00:13:22 ICT" duration-ms="40" status="PASS">
          <reporter-output>
          </reporter-output>
        </test-method> <!-- testUpdateWithValidModel -->
        <test-method is-config="true" signature="tearDown()[pri:0, instance:TestNGDAO.TestDonHangDAO@53fdffa1]" started-at="2024-04-07T00:13:22 ICT" name="tearDown" finished-at="2024-04-07T00:13:22 ICT" duration-ms="1" status="PASS">
          <reporter-output>
          </reporter-output>
        </test-method> <!-- tearDown -->
      </class> <!-- TestNGDAO.TestDonHangDAO -->
      <class name="TestNGDAO.TestSanPhamDAO">
        <test-method is-config="true" signature="setUp()[pri:0, instance:TestNGDAO.TestSanPhamDAO@4d465b11]" started-at="2024-04-07T00:13:21 ICT" name="setUp" finished-at="2024-04-07T00:13:21 ICT" duration-ms="2" status="PASS">
          <reporter-output>
          </reporter-output>
        </test-method> <!-- setUp -->
        <test-method signature="testDeleteWithEmptyModel()[pri:0, instance:TestNGDAO.TestSanPhamDAO@4d465b11]" started-at="2024-04-07T00:13:21 ICT" name="testDeleteWithEmptyModel" description="Kiểm thử xóa với ID trống" finished-at="2024-04-07T00:13:21 ICT" duration-ms="51" status="PASS">
          <reporter-output>
          </reporter-output>
        </test-method> <!-- testDeleteWithEmptyModel -->
        <test-method is-config="true" signature="tearDown()[pri:0, instance:TestNGDAO.TestSanPhamDAO@4d465b11]" started-at="2024-04-07T00:13:21 ICT" name="tearDown" finished-at="2024-04-07T00:13:21 ICT" duration-ms="1" status="PASS">
          <reporter-output>
          </reporter-output>
        </test-method> <!-- tearDown -->
        <test-method is-config="true" signature="setUp()[pri:0, instance:TestNGDAO.TestSanPhamDAO@4d465b11]" started-at="2024-04-07T00:13:21 ICT" name="setUp" finished-at="2024-04-07T00:13:21 ICT" duration-ms="1" status="PASS">
          <reporter-output>
          </reporter-output>
        </test-method> <!-- setUp -->
        <test-method signature="testDeleteWithNullModel()[pri:0, instance:TestNGDAO.TestSanPhamDAO@4d465b11]" started-at="2024-04-07T00:13:21 ICT" name="testDeleteWithNullModel" description="Kiểm thử xóa với ID null" finished-at="2024-04-07T00:13:21 ICT" duration-ms="40" status="PASS">
          <reporter-output>
          </reporter-output>
        </test-method> <!-- testDeleteWithNullModel -->
        <test-method is-config="true" signature="tearDown()[pri:0, instance:TestNGDAO.TestSanPhamDAO@4d465b11]" started-at="2024-04-07T00:13:21 ICT" name="tearDown" finished-at="2024-04-07T00:13:21 ICT" duration-ms="0" status="PASS">
          <reporter-output>
          </reporter-output>
        </test-method> <!-- tearDown -->
        <test-method is-config="true" signature="setUp()[pri:0, instance:TestNGDAO.TestSanPhamDAO@4d465b11]" started-at="2024-04-07T00:13:21 ICT" name="setUp" finished-at="2024-04-07T00:13:21 ICT" duration-ms="0" status="PASS">
          <reporter-output>
          </reporter-output>
        </test-method> <!-- setUp -->
        <test-method signature="testDeleteWithValidModel()[pri:0, instance:TestNGDAO.TestSanPhamDAO@4d465b11]" started-at="2024-04-07T00:13:21 ICT" name="testDeleteWithValidModel" description="Kiểm thử xóa với ID hợp lệ" finished-at="2024-04-07T00:13:21 ICT" duration-ms="42" status="PASS">
          <reporter-output>
          </reporter-output>
        </test-method> <!-- testDeleteWithValidModel -->
        <test-method is-config="true" signature="tearDown()[pri:0, instance:TestNGDAO.TestSanPhamDAO@4d465b11]" started-at="2024-04-07T00:13:21 ICT" name="tearDown" finished-at="2024-04-07T00:13:21 ICT" duration-ms="0" status="PASS">
          <reporter-output>
          </reporter-output>
        </test-method> <!-- tearDown -->
        <test-method is-config="true" signature="setUp()[pri:0, instance:TestNGDAO.TestSanPhamDAO@4d465b11]" started-at="2024-04-07T00:13:21 ICT" name="setUp" finished-at="2024-04-07T00:13:21 ICT" duration-ms="0" status="PASS">
          <reporter-output>
          </reporter-output>
        </test-method> <!-- setUp -->
        <test-method signature="testInsertWithEmptyModel()[pri:0, instance:TestNGDAO.TestSanPhamDAO@4d465b11]" started-at="2024-04-07T00:13:21 ICT" name="testInsertWithEmptyModel" description="Kiểm thử chèn với mô hình trống" finished-at="2024-04-07T00:13:22 ICT" duration-ms="44" status="FAIL">
          <exception class="java.lang.RuntimeException">
            <message>
              <![CDATA[com.microsoft.sqlserver.jdbc.SQLServerException: Cannot insert the value NULL into column 'MaLoai', table 'QLShop.dbo.SanPham'; column does not allow nulls. INSERT fails.]]>
            </message>
            <full-stacktrace>
              <![CDATA[java.lang.RuntimeException: com.microsoft.sqlserver.jdbc.SQLServerException: Cannot insert the value NULL into column 'MaLoai', table 'QLShop.dbo.SanPham'; column does not allow nulls. INSERT fails.
at com.fsm.utils.jdbcHelper.Update(jdbcHelper.java:51)
at ShopQuanLyAoQuan.dao.SanPhamDAO.insert(SanPhamDAO.java:26)
at TestNGDAO.TestSanPhamDAO.testInsertWithEmptyModel(TestSanPhamDAO.java:44)
at java.base/jdk.internal.reflect.DirectMethodHandleAccessor.invoke(DirectMethodHandleAccessor.java:103)
at java.base/java.lang.reflect.Method.invoke(Method.java:580)
at org.testng.internal.MethodInvocationHelper.invokeMethod(MethodInvocationHelper.java:133)
at org.testng.internal.TestInvoker.invokeMethod(TestInvoker.java:598)
at org.testng.internal.TestInvoker.invokeTestMethod(TestInvoker.java:173)
at org.testng.internal.MethodRunner.runInSequence(MethodRunner.java:46)
at org.testng.internal.TestInvoker$MethodInvocationAgent.invoke(TestInvoker.java:824)
at org.testng.internal.TestInvoker.invokeTestMethods(TestInvoker.java:146)
at org.testng.internal.TestMethodWorker.invokeTestMethods(TestMethodWorker.java:146)
at org.testng.internal.TestMethodWorker.run(TestMethodWorker.java:128)
at java.base/java.util.ArrayList.forEach(ArrayList.java:1596)
at org.testng.TestRunner.privateRun(TestRunner.java:794)
at org.testng.TestRunner.run(TestRunner.java:596)
at org.testng.SuiteRunner.runTest(SuiteRunner.java:377)
at org.testng.SuiteRunner.runSequentially(SuiteRunner.java:371)
at org.testng.SuiteRunner.privateRun(SuiteRunner.java:332)
at org.testng.SuiteRunner.run(SuiteRunner.java:276)
at org.testng.SuiteRunnerWorker.runSuite(SuiteRunnerWorker.java:53)
at org.testng.SuiteRunnerWorker.run(SuiteRunnerWorker.java:96)
at org.testng.TestNG.runSuitesSequentially(TestNG.java:1212)
at org.testng.TestNG.runSuitesLocally(TestNG.java:1134)
at org.testng.TestNG.runSuites(TestNG.java:1063)
at org.testng.TestNG.run(TestNG.java:1031)
at org.testng.remote.AbstractRemoteTestNG.run(AbstractRemoteTestNG.java:115)
at org.testng.remote.RemoteTestNG.initAndRun(RemoteTestNG.java:251)
at org.testng.remote.RemoteTestNG.main(RemoteTestNG.java:77)
Caused by: com.microsoft.sqlserver.jdbc.SQLServerException: Cannot insert the value NULL into column 'MaLoai', table 'QLShop.dbo.SanPham'; column does not allow nulls. INSERT fails.
at com.microsoft.sqlserver.jdbc.SQLServerException.makeFromDatabaseError(SQLServerException.java:261)
at com.microsoft.sqlserver.jdbc.SQLServerStatement.getNextResult(SQLServerStatement.java:1752)
at com.microsoft.sqlserver.jdbc.SQLServerPreparedStatement.doExecutePreparedStatement(SQLServerPreparedStatement.java:675)
at com.microsoft.sqlserver.jdbc.SQLServerPreparedStatement$PrepStmtExecCmd.doExecute(SQLServerPreparedStatement.java:594)
at com.microsoft.sqlserver.jdbc.TDSCommand.execute(IOBuffer.java:7739)
at com.microsoft.sqlserver.jdbc.SQLServerConnection.executeCommand(SQLServerConnection.java:4384)
at com.microsoft.sqlserver.jdbc.SQLServerStatement.executeCommand(SQLServerStatement.java:293)
at com.microsoft.sqlserver.jdbc.SQLServerStatement.executeStatement(SQLServerStatement.java:263)
at com.microsoft.sqlserver.jdbc.SQLServerPreparedStatement.executeUpdate(SQLServerPreparedStatement.java:537)
at com.fsm.utils.jdbcHelper.Update(jdbcHelper.java:46)
... 28 more
]]>
            </full-stacktrace>
          </exception> <!-- java.lang.RuntimeException -->
          <reporter-output>
          </reporter-output>
        </test-method> <!-- testInsertWithEmptyModel -->
        <test-method is-config="true" signature="tearDown()[pri:0, instance:TestNGDAO.TestSanPhamDAO@4d465b11]" started-at="2024-04-07T00:13:22 ICT" name="tearDown" finished-at="2024-04-07T00:13:22 ICT" duration-ms="0" status="PASS">
          <reporter-output>
          </reporter-output>
        </test-method> <!-- tearDown -->
        <test-method signature="testInsertWithNullModel()[pri:0, instance:TestNGDAO.TestSanPhamDAO@4d465b11]" started-at="2024-04-07T00:13:22 ICT" name="testInsertWithNullModel" description="Kiểm thử chèn với mô hình null" finished-at="2024-04-07T00:13:22 ICT" duration-ms="43" status="FAIL">
          <exception class="java.lang.RuntimeException">
            <message>
              <![CDATA[com.microsoft.sqlserver.jdbc.SQLServerException: Cannot insert the value NULL into column 'MaSP', table 'QLShop.dbo.SanPham'; column does not allow nulls. INSERT fails.]]>
            </message>
            <full-stacktrace>
              <![CDATA[java.lang.RuntimeException: com.microsoft.sqlserver.jdbc.SQLServerException: Cannot insert the value NULL into column 'MaSP', table 'QLShop.dbo.SanPham'; column does not allow nulls. INSERT fails.
at com.fsm.utils.jdbcHelper.Update(jdbcHelper.java:51)
at ShopQuanLyAoQuan.dao.SanPhamDAO.insert(SanPhamDAO.java:26)
at TestNGDAO.TestSanPhamDAO.testInsertWithNullModel(TestSanPhamDAO.java:36)
at java.base/jdk.internal.reflect.DirectMethodHandleAccessor.invoke(DirectMethodHandleAccessor.java:103)
at java.base/java.lang.reflect.Method.invoke(Method.java:580)
at org.testng.internal.MethodInvocationHelper.invokeMethod(MethodInvocationHelper.java:133)
at org.testng.internal.TestInvoker.invokeMethod(TestInvoker.java:598)
at org.testng.internal.TestInvoker.invokeTestMethod(TestInvoker.java:173)
at org.testng.internal.MethodRunner.runInSequence(MethodRunner.java:46)
at org.testng.internal.TestInvoker$MethodInvocationAgent.invoke(TestInvoker.java:824)
at org.testng.internal.TestInvoker.invokeTestMethods(TestInvoker.java:146)
at org.testng.internal.TestMethodWorker.invokeTestMethods(TestMethodWorker.java:146)
at org.testng.internal.TestMethodWorker.run(TestMethodWorker.java:128)
at java.base/java.util.ArrayList.forEach(ArrayList.java:1596)
at org.testng.TestRunner.privateRun(TestRunner.java:794)
at org.testng.TestRunner.run(TestRunner.java:596)
at org.testng.SuiteRunner.runTest(SuiteRunner.java:377)
at org.testng.SuiteRunner.runSequentially(SuiteRunner.java:371)
at org.testng.SuiteRunner.privateRun(SuiteRunner.java:332)
at org.testng.SuiteRunner.run(SuiteRunner.java:276)
at org.testng.SuiteRunnerWorker.runSuite(SuiteRunnerWorker.java:53)
at org.testng.SuiteRunnerWorker.run(SuiteRunnerWorker.java:96)
at org.testng.TestNG.runSuitesSequentially(TestNG.java:1212)
at org.testng.TestNG.runSuitesLocally(TestNG.java:1134)
at org.testng.TestNG.runSuites(TestNG.java:1063)
at org.testng.TestNG.run(TestNG.java:1031)
at org.testng.remote.AbstractRemoteTestNG.run(AbstractRemoteTestNG.java:115)
at org.testng.remote.RemoteTestNG.initAndRun(RemoteTestNG.java:251)
at org.testng.remote.RemoteTestNG.main(RemoteTestNG.java:77)
Caused by: com.microsoft.sqlserver.jdbc.SQLServerException: Cannot insert the value NULL into column 'MaSP', table 'QLShop.dbo.SanPham'; column does not allow nulls. INSERT fails.
at com.microsoft.sqlserver.jdbc.SQLServerException.makeFromDatabaseError(SQLServerException.java:261)
at com.microsoft.sqlserver.jdbc.SQLServerStatement.getNextResult(SQLServerStatement.java:1752)
at com.microsoft.sqlserver.jdbc.SQLServerPreparedStatement.doExecutePreparedStatement(SQLServerPreparedStatement.java:675)
at com.microsoft.sqlserver.jdbc.SQLServerPreparedStatement$PrepStmtExecCmd.doExecute(SQLServerPreparedStatement.java:594)
at com.microsoft.sqlserver.jdbc.TDSCommand.execute(IOBuffer.java:7739)
at com.microsoft.sqlserver.jdbc.SQLServerConnection.executeCommand(SQLServerConnection.java:4384)
at com.microsoft.sqlserver.jdbc.SQLServerStatement.executeCommand(SQLServerStatement.java:293)
at com.microsoft.sqlserver.jdbc.SQLServerStatement.executeStatement(SQLServerStatement.java:263)
at com.microsoft.sqlserver.jdbc.SQLServerPreparedStatement.executeUpdate(SQLServerPreparedStatement.java:537)
at com.fsm.utils.jdbcHelper.Update(jdbcHelper.java:46)
... 28 more
]]>
            </full-stacktrace>
          </exception> <!-- java.lang.RuntimeException -->
          <reporter-output>
          </reporter-output>
        </test-method> <!-- testInsertWithNullModel -->
        <test-method is-config="true" signature="setUp()[pri:0, instance:TestNGDAO.TestSanPhamDAO@4d465b11]" started-at="2024-04-07T00:13:22 ICT" name="setUp" finished-at="2024-04-07T00:13:22 ICT" duration-ms="0" status="PASS">
          <reporter-output>
          </reporter-output>
        </test-method> <!-- setUp -->
        <test-method is-config="true" signature="tearDown()[pri:0, instance:TestNGDAO.TestSanPhamDAO@4d465b11]" started-at="2024-04-07T00:13:22 ICT" name="tearDown" finished-at="2024-04-07T00:13:22 ICT" duration-ms="0" status="PASS">
          <reporter-output>
          </reporter-output>
        </test-method> <!-- tearDown -->
        <test-method signature="testInsertWithValidModel()[pri:0, instance:TestNGDAO.TestSanPhamDAO@4d465b11]" started-at="2024-04-07T00:13:22 ICT" name="testInsertWithValidModel" description="Kiểm thử chèn với mô hình hợp lệ" finished-at="2024-04-07T00:13:22 ICT" duration-ms="72" status="PASS">
          <reporter-output>
          </reporter-output>
        </test-method> <!-- testInsertWithValidModel -->
        <test-method is-config="true" signature="setUp()[pri:0, instance:TestNGDAO.TestSanPhamDAO@4d465b11]" started-at="2024-04-07T00:13:22 ICT" name="setUp" finished-at="2024-04-07T00:13:22 ICT" duration-ms="0" status="PASS">
          <reporter-output>
          </reporter-output>
        </test-method> <!-- setUp -->
        <test-method is-config="true" signature="tearDown()[pri:0, instance:TestNGDAO.TestSanPhamDAO@4d465b11]" started-at="2024-04-07T00:13:22 ICT" name="tearDown" finished-at="2024-04-07T00:13:22 ICT" duration-ms="1" status="PASS">
          <reporter-output>
          </reporter-output>
        </test-method> <!-- tearDown -->
        <test-method is-config="true" signature="setUp()[pri:0, instance:TestNGDAO.TestSanPhamDAO@4d465b11]" started-at="2024-04-07T00:13:22 ICT" name="setUp" finished-at="2024-04-07T00:13:22 ICT" duration-ms="0" status="PASS">
          <reporter-output>
          </reporter-output>
        </test-method> <!-- setUp -->
        <test-method signature="testSelectAll()[pri:0, instance:TestNGDAO.TestSanPhamDAO@4d465b11]" started-at="2024-04-07T00:13:22 ICT" name="testSelectAll" description="Kiểm thử lấy tất cả" finished-at="2024-04-07T00:13:22 ICT" duration-ms="42" status="PASS">
          <reporter-output>
          </reporter-output>
        </test-method> <!-- testSelectAll -->
        <test-method is-config="true" signature="tearDown()[pri:0, instance:TestNGDAO.TestSanPhamDAO@4d465b11]" started-at="2024-04-07T00:13:22 ICT" name="tearDown" finished-at="2024-04-07T00:13:22 ICT" duration-ms="0" status="PASS">
          <reporter-output>
          </reporter-output>
        </test-method> <!-- tearDown -->
[...]
at org.testng.internal.TestInvoker$MethodInvocationAgent.invoke(TestInvoker.java:824)
at org.testng.internal.TestInvoker.invokeTestMethods(TestInvoker.java:146)
at org.testng.internal.TestMethodWorker.invokeTestMethods(TestMethodWorker.java:146)
at org.testng.internal.TestMethodWorker.run(TestMethodWorker.java:128)
at java.base/java.util.ArrayList.forEach(ArrayList.java:1596)
at org.testng.TestRunner.privateRun(TestRunner.java:794)
at org.testng.TestRunner.run(TestRunner.java:596)
at org.testng.SuiteRunner.runTest(SuiteRunner.java:377)
at org.testng.SuiteRunner.runSequentially(SuiteRunner.java:371)
at org.testng.SuiteRunner.privateRun(SuiteRunner.java:332)
at org.testng.SuiteRunner.run(SuiteRunner.java:276)
at org.testng.SuiteRunnerWorker.runSuite(SuiteRunnerWorker.java:53)
at org.testng.SuiteRunnerWorker.run(SuiteRunnerWorker.java:96)
at org.testng.TestNG.runSuitesSequentially(TestNG.java:1212)
at org.testng.TestNG.runSuitesLocally(TestNG.java:1134)
at org.testng.TestNG.runSuites(TestNG.java:1063)
at org.testng.TestNG.run(TestNG.java:1031)
at org.testng.remote.AbstractRemoteTestNG.run(AbstractRemoteTestNG.java:115)
at org.testng.remote.RemoteTestNG.initAndRun(RemoteTestNG.java:251)
at org.testng.remote.RemoteTestNG.main(RemoteTestNG.java:77)
Caused by: com.microsoft.sqlserver.jdbc.SQLServerException: Cannot insert the value NULL into column 'HoTen', table 'QLShop.dbo.KhachHang'; column does not allow nulls. INSERT fails.
at com.microsoft.sqlserver.jdbc.SQLServerException.makeFromDatabaseError(SQLServerException.java:261)
at com.microsoft.sqlserver.jdbc.SQLServerStatement.getNextResult(SQLServerStatement.java:1752)
at com.microsoft.sqlserver.jdbc.SQLServerPreparedStatement.doExecutePreparedStatement(SQLServerPreparedStatement.java:675)
at com.microsoft.sqlserver.jdbc.SQLServerPreparedStatement$PrepStmtExecCmd.doExecute(SQLServerPreparedStatement.java:594)
at com.microsoft.sqlserver.jdbc.TDSCommand.execute(IOBuffer.java:7739)
at com.microsoft.sqlserver.jdbc.SQLServerConnection.executeCommand(SQLServerConnection.java:4384)
at com.microsoft.sqlserver.jdbc.SQLServerStatement.executeCommand(SQLServerStatement.java:293)
at com.microsoft.sqlserver.jdbc.SQLServerStatement.executeStatement(SQLServerStatement.java:263)
at com.microsoft.sqlserver.jdbc.SQLServerPreparedStatement.executeUpdate(SQLServerPreparedStatement.java:537)
at com.fsm.utils.jdbcHelper.Update(jdbcHelper.java:46)
... 28 more
]]>
            </full-stacktrace>
          </exception> <!-- java.lang.RuntimeException -->
          <reporter-output>
          </reporter-output>
        </test-method> <!-- testInsertWithEmptyModel -->
        <test-method is-config="true" signature="setUp()[pri:0, instance:TestNGDAO.TestKhachHangDAO@4d0f2471]" started-at="2024-04-07T00:13:23 ICT" name="setUp" finished-at="2024-04-07T00:13:23 ICT" duration-ms="0" status="PASS">
          <reporter-output>
          </reporter-output>
        </test-method> <!-- setUp -->
        <test-method is-config="true" signature="tearDown()[pri:0, instance:TestNGDAO.TestKhachHangDAO@4d0f2471]" started-at="2024-04-07T00:13:23 ICT" name="tearDown" finished-at="2024-04-07T00:13:23 ICT" duration-ms="1" status="PASS">
          <reporter-output>
          </reporter-output>
        </test-method> <!-- tearDown -->
        <test-method is-config="true" signature="setUp()[pri:0, instance:TestNGDAO.TestKhachHangDAO@4d0f2471]" started-at="2024-04-07T00:13:23 ICT" name="setUp" finished-at="2024-04-07T00:13:23 ICT" duration-ms="0" status="PASS">
          <reporter-output>
          </reporter-output>
        </test-method> <!-- setUp -->
        <test-method signature="testInsertWithNullModel()[pri:0, instance:TestNGDAO.TestKhachHangDAO@4d0f2471]" started-at="2024-04-07T00:13:23 ICT" name="testInsertWithNullModel" description="Kiểm thử chèn với mô hình null" finished-at="2024-04-07T00:13:23 ICT" duration-ms="40" status="FAIL">
          <exception class="java.lang.RuntimeException">
            <message>
              <![CDATA[com.microsoft.sqlserver.jdbc.SQLServerException: Cannot insert the value NULL into column 'MaKH', table 'QLShop.dbo.KhachHang'; column does not allow nulls. INSERT fails.]]>
            </message>
            <full-stacktrace>
              <![CDATA[java.lang.RuntimeException: com.microsoft.sqlserver.jdbc.SQLServerException: Cannot insert the value NULL into column 'MaKH', table 'QLShop.dbo.KhachHang'; column does not allow nulls. INSERT fails.
at com.fsm.utils.jdbcHelper.Update(jdbcHelper.java:51)
at ShopQuanLyAoQuan.dao.KhachHangDAO.insert(KhachHangDAO.java:26)
at TestNGDAO.TestKhachHangDAO.testInsertWithNullModel(TestKhachHangDAO.java:35)
at java.base/jdk.internal.reflect.DirectMethodHandleAccessor.invoke(DirectMethodHandleAccessor.java:103)
at java.base/java.lang.reflect.Method.invoke(Method.java:580)
at org.testng.internal.MethodInvocationHelper.invokeMethod(MethodInvocationHelper.java:133)
at org.testng.internal.TestInvoker.invokeMethod(TestInvoker.java:598)
at org.testng.internal.TestInvoker.invokeTestMethod(TestInvoker.java:173)
at org.testng.internal.MethodRunner.runInSequence(MethodRunner.java:46)
at org.testng.internal.TestInvoker$MethodInvocationAgent.invoke(TestInvoker.java:824)
at org.testng.internal.TestInvoker.invokeTestMethods(TestInvoker.java:146)
at org.testng.internal.TestMethodWorker.invokeTestMethods(TestMethodWorker.java:146)
at org.testng.internal.TestMethodWorker.run(TestMethodWorker.java:128)
at java.base/java.util.ArrayList.forEach(ArrayList.java:1596)
at org.testng.TestRunner.privateRun(TestRunner.java:794)
at org.testng.TestRunner.run(TestRunner.java:596)
at org.testng.SuiteRunner.runTest(SuiteRunner.java:377)
at org.testng.SuiteRunner.runSequentially(SuiteRunner.java:371)
at org.testng.SuiteRunner.privateRun(SuiteRunner.java:332)
at org.testng.SuiteRunner.run(SuiteRunner.java:276)
at org.testng.SuiteRunnerWorker.runSuite(SuiteRunnerWorker.java:53)
at org.testng.SuiteRunnerWorker.run(SuiteRunnerWorker.java:96)
at org.testng.TestNG.runSuitesSequentially(TestNG.java:1212)
at org.testng.TestNG.runSuitesLocally(TestNG.java:1134)
at org.testng.TestNG.runSuites(TestNG.java:1063)
at org.testng.TestNG.run(TestNG.java:1031)
at org.testng.remote.AbstractRemoteTestNG.run(AbstractRemoteTestNG.java:115)
at org.testng.remote.RemoteTestNG.initAndRun(RemoteTestNG.java:251)
at org.testng.remote.RemoteTestNG.main(RemoteTestNG.java:77)
Caused by: com.microsoft.sqlserver.jdbc.SQLServerException: Cannot insert the value NULL into column 'MaKH', table 'QLShop.dbo.KhachHang'; column does not allow nulls. INSERT fails.
at com.microsoft.sqlserver.jdbc.SQLServerException.makeFromDatabaseError(SQLServerException.java:261)
at com.microsoft.sqlserver.jdbc.SQLServerStatement.getNextResult(SQLServerStatement.java:1752)
at com.microsoft.sqlserver.jdbc.SQLServerPreparedStatement.doExecutePreparedStatement(SQLServerPreparedStatement.java:675)
at com.microsoft.sqlserver.jdbc.SQLServerPreparedStatement$PrepStmtExecCmd.doExecute(SQLServerPreparedStatement.java:594)
at com.microsoft.sqlserver.jdbc.TDSCommand.execute(IOBuffer.java:7739)
at com.microsoft.sqlserver.jdbc.SQLServerConnection.executeCommand(SQLServerConnection.java:4384)
at com.microsoft.sqlserver.jdbc.SQLServerStatement.executeCommand(SQLServerStatement.java:293)
at com.microsoft.sqlserver.jdbc.SQLServerStatement.executeStatement(SQLServerStatement.java:263)
at com.microsoft.sqlserver.jdbc.SQLServerPreparedStatement.executeUpdate(SQLServerPreparedStatement.java:537)
at com.fsm.utils.jdbcHelper.Update(jdbcHelper.java:46)
... 28 more
]]>
            </full-stacktrace>
          </exception> <!-- java.lang.RuntimeException -->
          <reporter-output>
          </reporter-output>
        </test-method> <!-- testInsertWithNullModel -->
        <test-method is-config="true" signature="tearDown()[pri:0, instance:TestNGDAO.TestKhachHangDAO@4d0f2471]" started-at="2024-04-07T00:13:23 ICT" name="tearDown" finished-at="2024-04-07T00:13:23 ICT" duration-ms="0" status="PASS">
          <reporter-output>
          </reporter-output>
        </test-method> <!-- tearDown -->
        <test-method signature="testInsertWithValidModel()[pri:0, instance:TestNGDAO.TestKhachHangDAO@4d0f2471]" started-at="2024-04-07T00:13:23 ICT" name="testInsertWithValidModel" description="Kiểm thử chèn với mô hình hợp lệ" finished-at="2024-04-07T00:13:23 ICT" duration-ms="62" status="FAIL">
          <exception class="java.lang.AssertionError">
            <message>
              <![CDATA[Chèn với mô hình hợp lệ không nên ném ra ngoại lệ]]>
            </message>
            <full-stacktrace>
              <![CDATA[java.lang.AssertionError: Chèn với mô hình hợp lệ không nên ném ra ngoại lệ
at org.testng.Assert.fail(Assert.java:99)
at TestNGDAO.TestKhachHangDAO.testInsertWithValidModel(TestKhachHangDAO.java:59)
at java.base/jdk.internal.reflect.DirectMethodHandleAccessor.invoke(DirectMethodHandleAccessor.java:103)
at java.base/java.lang.reflect.Method.invoke(Method.java:580)
at org.testng.internal.MethodInvocationHelper.invokeMethod(MethodInvocationHelper.java:133)
at org.testng.internal.TestInvoker.invokeMethod(TestInvoker.java:598)
at org.testng.internal.TestInvoker.invokeTestMethod(TestInvoker.java:173)
at org.testng.internal.MethodRunner.runInSequence(MethodRunner.java:46)
at org.testng.internal.TestInvoker$MethodInvocationAgent.invoke(TestInvoker.java:824)
at org.testng.internal.TestInvoker.invokeTestMethods(TestInvoker.java:146)
at org.testng.internal.TestMethodWorker.invokeTestMethods(TestMethodWorker.java:146)
at org.testng.internal.TestMethodWorker.run(TestMethodWorker.java:128)
at java.base/java.util.ArrayList.forEach(ArrayList.java:1596)
at org.testng.TestRunner.privateRun(TestRunner.java:794)
at org.testng.TestRunner.run(TestRunner.java:596)
at org.testng.SuiteRunner.runTest(SuiteRunner.java:377)
at org.testng.SuiteRunner.runSequentially(SuiteRunner.java:371)
at org.testng.SuiteRunner.privateRun(SuiteRunner.java:332)
at org.testng.SuiteRunner.run(SuiteRunner.java:276)
at org.testng.SuiteRunnerWorker.runSuite(SuiteRunnerWorker.java:53)
at org.testng.SuiteRunnerWorker.run(SuiteRunnerWorker.java:96)
at org.testng.TestNG.runSuitesSequentially(TestNG.java:1212)
at org.testng.TestNG.runSuitesLocally(TestNG.java:1134)
at org.testng.TestNG.runSuites(TestNG.java:1063)
at org.testng.TestNG.run(TestNG.java:1031)
at org.testng.remote.AbstractRemoteTestNG.run(AbstractRemoteTestNG.java:115)
at org.testng.remote.RemoteTestNG.initAndRun(RemoteTestNG.java:251)
at org.testng.remote.RemoteTestNG.main(RemoteTestNG.java:77)
]]>
            </full-stacktrace>
          </exception> <!-- java.lang.AssertionError -->
          <reporter-output>
          </reporter-output>
        </test-method> <!-- testInsertWithValidModel -->
        <test-method is-config="true" signature="setUp()[pri:0, instance:TestNGDAO.TestKhachHangDAO@4d0f2471]" started-at="2024-04-07T00:13:23 ICT" name="setUp" finished-at="2024-04-07T00:13:23 ICT" duration-ms="0" status="PASS">
          <reporter-output>
          </reporter-output>
        </test-method> <!-- setUp -->
        <test-method is-config="true" signature="tearDown()[pri:0, instance:TestNGDAO.TestKhachHangDAO@4d0f2471]" started-at="2024-04-07T00:13:23 ICT" name="tearDown" finished-at="2024-04-07T00:13:23 ICT" duration-ms="1" status="PASS">
          <reporter-output>
          </reporter-output>
        </test-method> <!-- tearDown -->
        <test-method is-config="true" signature="setUp()[pri:0, instance:TestNGDAO.TestKhachHangDAO@4d0f2471]" started-at="2024-04-07T00:13:23 ICT" name="setUp" finished-at="2024-04-07T00:13:23 ICT" duration-ms="1" status="PASS">
          <reporter-output>
          </reporter-output>
        </test-method> <!-- setUp -->
        <test-method signature="testSelectAll()[pri:0, instance:TestNGDAO.TestKhachHangDAO@4d0f2471]" started-at="2024-04-07T00:13:23 ICT" name="testSelectAll" description="Kiểm thử lấy tất cả" finished-at="2024-04-07T00:13:23 ICT" duration-ms="39" status="PASS">
          <reporter-output>
          </reporter-output>
        </test-method> <!-- testSelectAll -->
        <test-method is-config="true" signature="tearDown()[pri:0, instance:TestNGDAO.TestKhachHangDAO@4d0f2471]" started-at="2024-04-07T00:13:23 ICT" name="tearDown" finished-at="2024-04-07T00:13:23 ICT" duration-ms="1" status="PASS">
          <reporter-output>
          </reporter-output>
        </test-method> <!-- tearDown -->
        <test-method is-config="true" signature="setUp()[pri:0, instance:TestNGDAO.TestKhachHangDAO@4d0f2471]" started-at="2024-04-07T00:13:23 ICT" name="setUp" finished-at="2024-04-07T00:13:23 ICT" duration-ms="0" status="PASS">
          <reporter-output>
          </reporter-output>
        </test-method> <!-- setUp -->
        <test-method signature="testSelectByEmail()[pri:0, instance:TestNGDAO.TestKhachHangDAO@4d0f2471]" started-at="2024-04-07T00:13:23 ICT" name="testSelectByEmail" description="Kiểm thử lấy theo Email" finished-at="2024-04-07T00:13:23 ICT" duration-ms="48" status="PASS">
          <reporter-output>
          </reporter-output>
        </test-method> <!-- testSelectByEmail -->
        <test-method is-config="true" signature="tearDown()[pri:0, instance:TestNGDAO.TestKhachHangDAO@4d0f2471]" started-at="2024-04-07T00:13:23 ICT" name="tearDown" finished-at="2024-04-07T00:13:23 ICT" duration-ms="0" status="PASS">
          <reporter-output>
          </reporter-output>
        </test-method> <!-- tearDown -->
        <test-method is-config="true" signature="setUp()[pri:0, instance:TestNGDAO.TestKhachHangDAO@4d0f2471]" started-at="2024-04-07T00:13:23 ICT" name="setUp" finished-at="2024-04-07T00:13:23 ICT" duration-ms="0" status="PASS">
          <reporter-output>
          </reporter-output>
        </test-method> <!-- setUp -->
        <test-method signature="testSelectById()[pri:0, instance:TestNGDAO.TestKhachHangDAO@4d0f2471]" started-at="2024-04-07T00:13:23 ICT" name="testSelectById" description="Kiểm thử lấy theo ID" finished-at="2024-04-07T00:13:23 ICT" duration-ms="39" status="PASS">
          <reporter-output>
          </reporter-output>
        </test-method> <!-- testSelectById -->
        <test-method is-config="true" signature="tearDown()[pri:0, instance:TestNGDAO.TestKhachHangDAO@4d0f2471]" started-at="2024-04-07T00:13:23 ICT" name="tearDown" finished-at="2024-04-07T00:13:23 ICT" duration-ms="1" status="PASS">
          <reporter-output>
          </reporter-output>
        </test-method> <!-- tearDown -->
        <test-method is-config="true" signature="setUp()[pri:0, instance:TestNGDAO.TestKhachHangDAO@4d0f2471]" started-at="2024-04-07T00:13:23 ICT" name="setUp" finished-at="2024-04-07T00:13:23 ICT" duration-ms="0" status="PASS">
          <reporter-output>
          </reporter-output>
        </test-method> <!-- setUp -->
        <test-method signature="testSelectBySDT()[pri:0, instance:TestNGDAO.TestKhachHangDAO@4d0f2471]" started-at="2024-04-07T00:13:23 ICT" name="testSelectBySDT" description="Kiểm thử lấy theo SDT" finished-at="2024-04-07T00:13:23 ICT" duration-ms="29" status="PASS">
          <reporter-output>
          </reporter-output>
        </test-method> <!-- testSelectBySDT -->
        <test-method is-config="true" signature="tearDown()[pri:0, instance:TestNGDAO.TestKhachHangDAO@4d0f2471]" started-at="2024-04-07T00:13:23 ICT" name="tearDown" finished-at="2024-04-07T00:13:23 ICT" duration-ms="0" status="PASS">
          <reporter-output>
          </reporter-output>
        </test-method> <!-- tearDown -->
        <test-method is-config="true" signature="setUp()[pri:0, instance:TestNGDAO.TestKhachHangDAO@4d0f2471]" started-at="2024-04-07T00:13:23 ICT" name="setUp" finished-at="2024-04-07T00:13:23 ICT" duration-ms="1" status="PASS">
          <reporter-output>
          </reporter-output>
        </test-method> <!-- setUp -->
        <test-method signature="testTimKiemByMaKHOrHoTen()[pri:0, instance:TestNGDAO.TestKhachHangDAO@4d0f2471]" started-at="2024-04-07T00:13:23 ICT" name="testTimKiemByMaKHOrHoTen" description="Kiểm thử tìm kiếm theo Mã KH hoặc Tên KH" finished-at="2024-04-07T00:13:23 ICT" duration-ms="42" status="PASS">
          <reporter-output>
          </reporter-output>
        </test-method> <!-- testTimKiemByMaKHOrHoTen -->
        <test-method is-config="true" signature="tearDown()[pri:0, instance:TestNGDAO.TestKhachHangDAO@4d0f2471]" started-at="2024-04-07T00:13:23 ICT" name="tearDown" finished-at="2024-04-07T00:13:23 ICT" duration-ms="0" status="PASS">
          <reporter-output>
          </reporter-output>
        </test-method> <!-- tearDown -->
        <test-method signature="testUpdateWithEmptyModel()[pri:0, instance:TestNGDAO.TestKhachHangDAO@4d0f2471]" started-at="2024-04-07T00:13:23 ICT" name="testUpdateWithEmptyModel" description="Kiểm thử cập nhật với mô hình trống" finished-at="2024-04-07T00:13:23 ICT" duration-ms="36" status="PASS">
          <reporter-output>
          </reporter-output>
        </test-method> <!-- testUpdateWithEmptyModel -->
        <test-method is-config="true" signature="setUp()[pri:0, instance:TestNGDAO.TestKhachHangDAO@4d0f2471]" started-at="2024-04-07T00:13:23 ICT" name="setUp" finished-at="2024-04-07T00:13:23 ICT" duration-ms="0" status="PASS">
          <reporter-output>
          </reporter-output>
        </test-method> <!-- setUp -->
        <test-method is-config="true" signature="tearDown()[pri:0, instance:TestNGDAO.TestKhachHangDAO@4d0f2471]" started-at="2024-04-07T00:13:23 ICT" name="tearDown" finished-at="2024-04-07T00:13:23 ICT" duration-ms="0" status="PASS">
          <reporter-output>
          </reporter-output>
        </test-method> <!-- tearDown -->
        <test-method is-config="true" signature="setUp()[pri:0, instance:TestNGDAO.TestKhachHangDAO@4d0f2471]" started-at="2024-04-07T00:13:23 ICT" name="setUp" finished-at="2024-04-07T00:13:23 ICT" duration-ms="0" status="PASS">
          <reporter-output>
          </reporter-output>
        </test-method> <!-- setUp -->
        <test-method signature="testUpdateWithNullModel()[pri:0, instance:TestNGDAO.TestKhachHangDAO@4d0f2471]" started-at="2024-04-07T00:13:23 ICT" name="testUpdateWithNullModel" description="Kiểm thử cập nhật với mô hình null" finished-at="2024-04-07T00:13:23 ICT" duration-ms="24" status="PASS">
          <reporter-output>
          </reporter-output>
        </test-method> <!-- testUpdateWithNullModel -->
        <test-method is-config="true" signature="tearDown()[pri:0, instance:TestNGDAO.TestKhachHangDAO@4d0f2471]" started-at="2024-04-07T00:13:23 ICT" name="tearDown" finished-at="2024-04-07T00:13:23 ICT" duration-ms="0" status="PASS">
          <reporter-output>
          </reporter-output>
        </test-method> <!-- tearDown -->
        <test-method is-config="true" signature="setUp()[pri:0, instance:TestNGDAO.TestKhachHangDAO@4d0f2471]" started-at="2024-04-07T00:13:23 ICT" name="setUp" finished-at="2024-04-07T00:13:23 ICT" duration-ms="1" status="PASS">
          <reporter-output>
          </reporter-output>
        </test-method> <!-- setUp -->
        <test-method signature="testUpdateWithValidModel()[pri:0, instance:TestNGDAO.TestKhachHangDAO@4d0f2471]" started-at="2024-04-07T00:13:23 ICT" name="testUpdateWithValidModel" description="Kiểm thử cập nhật với mô hình hợp lệ" finished-at="2024-04-07T00:13:23 ICT" duration-ms="27" status="PASS">
          <reporter-output>
          </reporter-output>
        </test-method> <!-- testUpdateWithValidModel -->
        <test-method is-config="true" signature="tearDown()[pri:0, instance:TestNGDAO.TestKhachHangDAO@4d0f2471]" started-at="2024-04-07T00:13:23 ICT" name="tearDown" finished-at="2024-04-07T00:13:23 ICT" duration-ms="0" status="PASS">
          <reporter-output>
          </reporter-output>
        </test-method> <!-- tearDown -->
      </class> <!-- TestNGDAO.TestKhachHangDAO -->
    </test> <!-- Test -->
  </suite> <!-- Suite -->
</testng-results>
