<?xml version="1.0" encoding="UTF-8"?>
<testng-results ignored="0" total="12" passed="8" failed="4" skipped="0">
  <reporter-output>
  </reporter-output>
  <suite started-at="2024-04-07T20:54:22 ICT" name="Default suite" finished-at="2024-04-07T20:54:23 ICT" duration-ms="816">
    <groups>
    </groups>
    <test started-at="2024-04-07T20:54:22 ICT" name="Default test" finished-at="2024-04-07T20:54:23 ICT" duration-ms="816">
      <class name="TestNGDAO.TestDonHangChiTietDAO">
        <test-method is-config="true" signature="setUp()[pri:0, instance:TestNGDAO.TestDonHangChiTietDAO@67d18ed7]" started-at="2024-04-07T20:54:22 ICT" name="setUp" finished-at="2024-04-07T20:54:22 ICT" duration-ms="7" status="PASS">
          <reporter-output>
          </reporter-output>
        </test-method> <!-- setUp -->
        <test-method signature="testDeleteWithEmptyModel()[pri:0, instance:TestNGDAO.TestDonHangChiTietDAO@67d18ed7]" started-at="2024-04-07T20:54:22 ICT" name="testDeleteWithEmptyModel" description="Kiểm thử xóa với ID trống" finished-at="2024-04-07T20:54:23 ICT" duration-ms="402" status="PASS">
          <reporter-output>
          </reporter-output>
        </test-method> <!-- testDeleteWithEmptyModel -->
        <test-method is-config="true" signature="tearDown()[pri:0, instance:TestNGDAO.TestDonHangChiTietDAO@67d18ed7]" started-at="2024-04-07T20:54:23 ICT" name="tearDown" finished-at="2024-04-07T20:54:23 ICT" duration-ms="1" status="PASS">
          <reporter-output>
          </reporter-output>
        </test-method> <!-- tearDown -->
        <test-method signature="testDeleteWithNullModel()[pri:0, instance:TestNGDAO.TestDonHangChiTietDAO@67d18ed7]" started-at="2024-04-07T20:54:23 ICT" name="testDeleteWithNullModel" description="Kiểm thử xóa với ID null" finished-at="2024-04-07T20:54:23 ICT" duration-ms="31" status="PASS">
          <reporter-output>
          </reporter-output>
        </test-method> <!-- testDeleteWithNullModel -->
        <test-method is-config="true" signature="setUp()[pri:0, instance:TestNGDAO.TestDonHangChiTietDAO@67d18ed7]" started-at="2024-04-07T20:54:23 ICT" name="setUp" finished-at="2024-04-07T20:54:23 ICT" duration-ms="0" status="PASS">
          <reporter-output>
          </reporter-output>
        </test-method> <!-- setUp -->
        <test-method is-config="true" signature="tearDown()[pri:0, instance:TestNGDAO.TestDonHangChiTietDAO@67d18ed7]" started-at="2024-04-07T20:54:23 ICT" name="tearDown" finished-at="2024-04-07T20:54:23 ICT" duration-ms="1" status="PASS">
          <reporter-output>
          </reporter-output>
        </test-method> <!-- tearDown -->
        <test-method signature="testDeleteWithValidModel()[pri:0, instance:TestNGDAO.TestDonHangChiTietDAO@67d18ed7]" started-at="2024-04-07T20:54:23 ICT" name="testDeleteWithValidModel" description="Kiểm thử xóa với ID hợp lệ" finished-at="2024-04-07T20:54:23 ICT" duration-ms="31" status="PASS">
          <reporter-output>
          </reporter-output>
        </test-method> <!-- testDeleteWithValidModel -->
        <test-method is-config="true" signature="setUp()[pri:0, instance:TestNGDAO.TestDonHangChiTietDAO@67d18ed7]" started-at="2024-04-07T20:54:23 ICT" name="setUp" finished-at="2024-04-07T20:54:23 ICT" duration-ms="0" status="PASS">
          <reporter-output>
          </reporter-output>
        </test-method> <!-- setUp -->
        <test-method is-config="true" signature="tearDown()[pri:0, instance:TestNGDAO.TestDonHangChiTietDAO@67d18ed7]" started-at="2024-04-07T20:54:23 ICT" name="tearDown" finished-at="2024-04-07T20:54:23 ICT" duration-ms="0" status="PASS">
          <reporter-output>
          </reporter-output>
        </test-method> <!-- tearDown -->
        <test-method is-config="true" signature="setUp()[pri:0, instance:TestNGDAO.TestDonHangChiTietDAO@67d18ed7]" started-at="2024-04-07T20:54:23 ICT" name="setUp" finished-at="2024-04-07T20:54:23 ICT" duration-ms="1" status="PASS">
          <reporter-output>
          </reporter-output>
        </test-method> <!-- setUp -->
        <test-method signature="testInsertWithEmptyModel()[pri:0, instance:TestNGDAO.TestDonHangChiTietDAO@67d18ed7]" started-at="2024-04-07T20:54:23 ICT" name="testInsertWithEmptyModel" description="Kiểm thử chèn với mô hình trống" finished-at="2024-04-07T20:54:23 ICT" duration-ms="33" status="FAIL">
          <exception class="java.lang.RuntimeException">
            <message>
              <![CDATA[com.microsoft.sqlserver.jdbc.SQLServerException: Cannot insert the value NULL into column 'MaSP', table 'QLShop.dbo.DonHangChiTiet'; column does not allow nulls. INSERT fails.]]>
            </message>
            <full-stacktrace>
              <![CDATA[java.lang.RuntimeException: com.microsoft.sqlserver.jdbc.SQLServerException: Cannot insert the value NULL into column 'MaSP', table 'QLShop.dbo.DonHangChiTiet'; column does not allow nulls. INSERT fails.
at com.fsm.utils.jdbcHelper.Update(jdbcHelper.java:51)
at ShopQuanLyAoQuan.dao.DonHangChiTietDAO.insert(DonHangChiTietDAO.java:23)
at TestNGDAO.TestDonHangChiTietDAO.testInsertWithEmptyModel(TestDonHangChiTietDAO.java:51)
at java.base/jdk.internal.reflect.DirectMethodHandleAccessor.invoke(DirectMethodHandleAccessor.java:103)
at java.base/java.lang.reflect.Method.invoke(Method.java:580)
at org.testng.internal.invokers.MethodInvocationHelper.invokeMethod(MethodInvocationHelper.java:139)
at org.testng.internal.invokers.TestInvoker.invokeMethod(TestInvoker.java:664)
at org.testng.internal.invokers.TestInvoker.invokeTestMethod(TestInvoker.java:228)
at org.testng.internal.invokers.MethodRunner.runInSequence(MethodRunner.java:63)
at org.testng.internal.invokers.TestInvoker$MethodInvocationAgent.invoke(TestInvoker.java:961)
at org.testng.internal.invokers.TestInvoker.invokeTestMethods(TestInvoker.java:201)
at org.testng.internal.invokers.TestMethodWorker.invokeTestMethods(TestMethodWorker.java:148)
at org.testng.internal.invokers.TestMethodWorker.run(TestMethodWorker.java:128)
at java.base/java.util.ArrayList.forEach(ArrayList.java:1596)
at org.testng.TestRunner.privateRun(TestRunner.java:819)
at org.testng.TestRunner.run(TestRunner.java:619)
at org.testng.SuiteRunner.runTest(SuiteRunner.java:443)
at org.testng.SuiteRunner.runSequentially(SuiteRunner.java:437)
at org.testng.SuiteRunner.privateRun(SuiteRunner.java:397)
at org.testng.SuiteRunner.run(SuiteRunner.java:336)
at org.testng.SuiteRunnerWorker.runSuite(SuiteRunnerWorker.java:52)
at org.testng.SuiteRunnerWorker.run(SuiteRunnerWorker.java:95)
at org.testng.TestNG.runSuitesSequentially(TestNG.java:1301)
at org.testng.TestNG.runSuitesLocally(TestNG.java:1228)
at org.testng.TestNG.runSuites(TestNG.java:1134)
at org.testng.TestNG.run(TestNG.java:1101)
at org.testng.remote.AbstractRemoteTestNG.run(AbstractRemoteTestNG.java:115)
at org.testng.remote.RemoteTestNG.initAndRun(RemoteTestNG.java:251)
at org.testng.remote.RemoteTestNG.main(RemoteTestNG.java:77)
Caused by: com.microsoft.sqlserver.jdbc.SQLServerException: Cannot insert the value NULL into column 'MaSP', table 'QLShop.dbo.DonHangChiTiet'; column does not allow nulls. INSERT fails.
at com.microsoft.sqlserver.jdbc.SQLServerException.makeFromDatabaseError(SQLServerException.java:261)
at com.microsoft.sqlserver.jdbc.SQLServerStatement.getNextResult(SQLServerStatement.java:1752)
at com.microsoft.sqlserver.jdbc.SQLServerPreparedStatement.doExecutePreparedStatement(SQLServerPreparedStatement.java:675)
at com.microsoft.sqlserver.jdbc.SQLServerPreparedStatement$PrepStmtExecCmd.doExecute(SQLServerPreparedStatement.java:594)
at com.microsoft.sqlserver.jdbc.TDSCommand.execute(IOBuffer.java:7739)
at com.microsoft.sqlserver.jdbc.SQLServerConnection.executeCommand(SQLServerConnection.java:4384)
at com.microsoft.sqlserver.jdbc.SQLServerStatement.executeCommand(SQLServerStatement.java:293)
at com.microsoft.sqlserver.jdbc.SQLServerStatement.executeStatement(SQLServerStatement.java:263)
at com.microsoft.sqlserver.jdbc.SQLServerPreparedStatement.executeUpdate(SQLServerPreparedStatement.java:537)
at com.fsm.utils.jdbcHelper.Update(jdbcHelper.java:46)
... 28 more
]]>
            </full-stacktrace>
          </exception> <!-- java.lang.RuntimeException -->
          <reporter-output>
          </reporter-output>
        </test-method> <!-- testInsertWithEmptyModel -->
        <test-method is-config="true" signature="tearDown()[pri:0, instance:TestNGDAO.TestDonHangChiTietDAO@67d18ed7]" started-at="2024-04-07T20:54:23 ICT" name="tearDown" finished-at="2024-04-07T20:54:23 ICT" duration-ms="1" status="PASS">
          <reporter-output>
          </reporter-output>
        </test-method> <!-- tearDown -->
        <test-method signature="testInsertWithNullModel()[pri:0, instance:TestNGDAO.TestDonHangChiTietDAO@67d18ed7]" started-at="2024-04-07T20:54:23 ICT" name="testInsertWithNullModel" description="Kiểm thử chèn với mô hình null" finished-at="2024-04-07T20:54:23 ICT" duration-ms="25" status="FAIL">
          <exception class="java.lang.RuntimeException">
            <message>
              <![CDATA[com.microsoft.sqlserver.jdbc.SQLServerException: Cannot insert the value NULL into column 'MaSP', table 'QLShop.dbo.DonHangChiTiet'; column does not allow nulls. INSERT fails.]]>
            </message>
            <full-stacktrace>
              <![CDATA[java.lang.RuntimeException: com.microsoft.sqlserver.jdbc.SQLServerException: Cannot insert the value NULL into column 'MaSP', table 'QLShop.dbo.DonHangChiTiet'; column does not allow nulls. INSERT fails.
at com.fsm.utils.jdbcHelper.Update(jdbcHelper.java:51)
at ShopQuanLyAoQuan.dao.DonHangChiTietDAO.insert(DonHangChiTietDAO.java:23)
at TestNGDAO.TestDonHangChiTietDAO.testInsertWithNullModel(TestDonHangChiTietDAO.java:39)
at java.base/jdk.internal.reflect.DirectMethodHandleAccessor.invoke(DirectMethodHandleAccessor.java:103)
at java.base/java.lang.reflect.Method.invoke(Method.java:580)
at org.testng.internal.invokers.MethodInvocationHelper.invokeMethod(MethodInvocationHelper.java:139)
at org.testng.internal.invokers.TestInvoker.invokeMethod(TestInvoker.java:664)
at org.testng.internal.invokers.TestInvoker.invokeTestMethod(TestInvoker.java:228)
at org.testng.internal.invokers.MethodRunner.runInSequence(MethodRunner.java:63)
at org.testng.internal.invokers.TestInvoker$MethodInvocationAgent.invoke(TestInvoker.java:961)
at org.testng.internal.invokers.TestInvoker.invokeTestMethods(TestInvoker.java:201)
at org.testng.internal.invokers.TestMethodWorker.invokeTestMethods(TestMethodWorker.java:148)
at org.testng.internal.invokers.TestMethodWorker.run(TestMethodWorker.java:128)
at java.base/java.util.ArrayList.forEach(ArrayList.java:1596)
at org.testng.TestRunner.privateRun(TestRunner.java:819)
at org.testng.TestRunner.run(TestRunner.java:619)
at org.testng.SuiteRunner.runTest(SuiteRunner.java:443)
at org.testng.SuiteRunner.runSequentially(SuiteRunner.java:437)
at org.testng.SuiteRunner.privateRun(SuiteRunner.java:397)
at org.testng.SuiteRunner.run(SuiteRunner.java:336)
at org.testng.SuiteRunnerWorker.runSuite(SuiteRunnerWorker.java:52)
at org.testng.SuiteRunnerWorker.run(SuiteRunnerWorker.java:95)
at org.testng.TestNG.runSuitesSequentially(TestNG.java:1301)
at org.testng.TestNG.runSuitesLocally(TestNG.java:1228)
at org.testng.TestNG.runSuites(TestNG.java:1134)
at org.testng.TestNG.run(TestNG.java:1101)
at org.testng.remote.AbstractRemoteTestNG.run(AbstractRemoteTestNG.java:115)
at org.testng.remote.RemoteTestNG.initAndRun(RemoteTestNG.java:251)
at org.testng.remote.RemoteTestNG.main(RemoteTestNG.java:77)
Caused by: com.microsoft.sqlserver.jdbc.SQLServerException: Cannot insert the value NULL into column 'MaSP', table 'QLShop.dbo.DonHangChiTiet'; column does not allow nulls. INSERT fails.
at com.microsoft.sqlserver.jdbc.SQLServerException.makeFromDatabaseError(SQLServerException.java:261)
at com.microsoft.sqlserver.jdbc.SQLServerStatement.getNextResult(SQLServerStatement.java:1752)
at com.microsoft.sqlserver.jdbc.SQLServerPreparedStatement.doExecutePreparedStatement(SQLServerPreparedStatement.java:675)
at com.microsoft.sqlserver.jdbc.SQLServerPreparedStatement$PrepStmtExecCmd.doExecute(SQLServerPreparedStatement.java:594)
at com.microsoft.sqlserver.jdbc.TDSCommand.execute(IOBuffer.java:7739)
at com.microsoft.sqlserver.jdbc.SQLServerConnection.executeCommand(SQLServerConnection.java:4384)
at com.microsoft.sqlserver.jdbc.SQLServerStatement.executeCommand(SQLServerStatement.java:293)
at com.microsoft.sqlserver.jdbc.SQLServerStatement.executeStatement(SQLServerStatement.java:263)
at com.microsoft.sqlserver.jdbc.SQLServerPreparedStatement.executeUpdate(SQLServerPreparedStatement.java:537)
at com.fsm.utils.jdbcHelper.Update(jdbcHelper.java:46)
... 28 more
]]>
            </full-stacktrace>
          </exception> <!-- java.lang.RuntimeException -->
          <reporter-output>
          </reporter-output>
        </test-method> <!-- testInsertWithNullModel -->
        <test-method is-config="true" signature="setUp()[pri:0, instance:TestNGDAO.TestDonHangChiTietDAO@67d18ed7]" started-at="2024-04-07T20:54:23 ICT" name="setUp" finished-at="2024-04-07T20:54:23 ICT" duration-ms="0" status="PASS">
          <reporter-output>
          </reporter-output>
        </test-method> <!-- setUp -->
        <test-method is-config="true" signature="tearDown()[pri:0, instance:TestNGDAO.TestDonHangChiTietDAO@67d18ed7]" started-at="2024-04-07T20:54:23 ICT" name="tearDown" finished-at="2024-04-07T20:54:23 ICT" duration-ms="1" status="PASS">
          <reporter-output>
          </reporter-output>
        </test-method> <!-- tearDown -->
        <test-method signature="testInsertWithValidModel()[pri:0, instance:TestNGDAO.TestDonHangChiTietDAO@67d18ed7]" started-at="2024-04-07T20:54:23 ICT" name="testInsertWithValidModel" description="Kiểm thử chèn với mô hình hợp lệ" finished-at="2024-04-07T20:54:23 ICT" duration-ms="37" status="PASS">
          <reporter-output>
          </reporter-output>
        </test-method> <!-- testInsertWithValidModel -->
        <test-method is-config="true" signature="setUp()[pri:0, instance:TestNGDAO.TestDonHangChiTietDAO@67d18ed7]" started-at="2024-04-07T20:54:23 ICT" name="setUp" finished-at="2024-04-07T20:54:23 ICT" duration-ms="0" status="PASS">
          <reporter-output>
          </reporter-output>
        </test-method> <!-- setUp -->
        <test-method is-config="true" signature="tearDown()[pri:0, instance:TestNGDAO.TestDonHangChiTietDAO@67d18ed7]" started-at="2024-04-07T20:54:23 ICT" name="tearDown" finished-at="2024-04-07T20:54:23 ICT" duration-ms="0" status="PASS">
          <reporter-output>
          </reporter-output>
        </test-method> <!-- tearDown -->
        <test-method signature="testSelectAll()[pri:0, instance:TestNGDAO.TestDonHangChiTietDAO@67d18ed7]" started-at="2024-04-07T20:54:23 ICT" name="testSelectAll" description="Kiểm tra lấy tất cả các bản ghi từ bảng hóa đơn chi tiết" finished-at="2024-04-07T20:54:23 ICT" duration-ms="54" status="PASS">
          <reporter-output>
          </reporter-output>
        </test-method> <!-- testSelectAll -->
        <test-method is-config="true" signature="setUp()[pri:0, instance:TestNGDAO.TestDonHangChiTietDAO@67d18ed7]" started-at="2024-04-07T20:54:23 ICT" name="setUp" finished-at="2024-04-07T20:54:23 ICT" duration-ms="0" status="PASS">
          <reporter-output>
          </reporter-output>
        </test-method> <!-- setUp -->
        <test-method is-config="true" signature="tearDown()[pri:0, instance:TestNGDAO.TestDonHangChiTietDAO@67d18ed7]" started-at="2024-04-07T20:54:23 ICT" name="tearDown" finished-at="2024-04-07T20:54:23 ICT" duration-ms="1" status="PASS">
          <reporter-output>
          </reporter-output>
        </test-method> <!-- tearDown -->
        <test-method is-config="true" signature="setUp()[pri:0, instance:TestNGDAO.TestDonHangChiTietDAO@67d18ed7]" started-at="2024-04-07T20:54:23 ICT" name="setUp" finished-at="2024-04-07T20:54:23 ICT" duration-ms="0" status="PASS">
          <reporter-output>
          </reporter-output>
        </test-method> <!-- setUp -->
        <test-method signature="testSelectById()[pri:0, instance:TestNGDAO.TestDonHangChiTietDAO@67d18ed7]" started-at="2024-04-07T20:54:23 ICT" name="testSelectById" description="Kiểm tra lấy các cột của bảng hóa đơn chi tiết theo mã đơn hàng chi tiết" finished-at="2024-04-07T20:54:23 ICT" duration-ms="23" status="FAIL">
          <exception class="java.lang.AssertionError">
            <message>
              <![CDATA[expected object to not be null]]>
            </message>
            <full-stacktrace>
              <![CDATA[java.lang.AssertionError: expected object to not be null
at org.testng.Assert.fail(Assert.java:111)
at org.testng.Assert.assertNotNull(Assert.java:1484)
at org.testng.Assert.assertNotNull(Assert.java:1468)
at TestNGDAO.TestDonHangChiTietDAO.testSelectById(TestDonHangChiTietDAO.java:136)
at java.base/jdk.internal.reflect.DirectMethodHandleAccessor.invoke(DirectMethodHandleAccessor.java:103)
at java.base/java.lang.reflect.Method.invoke(Method.java:580)
at org.testng.internal.invokers.MethodInvocationHelper.invokeMethod(MethodInvocationHelper.java:139)
at org.testng.internal.invokers.TestInvoker.invokeMethod(TestInvoker.java:664)
at org.testng.internal.invokers.TestInvoker.invokeTestMethod(TestInvoker.java:228)
at org.testng.internal.invokers.MethodRunner.runInSequence(MethodRunner.java:63)
at org.testng.internal.invokers.TestInvoker$MethodInvocationAgent.invoke(TestInvoker.java:961)
at org.testng.internal.invokers.TestInvoker.invokeTestMethods(TestInvoker.java:201)
at org.testng.internal.invokers.TestMethodWorker.invokeTestMethods(TestMethodWorker.java:148)
at org.testng.internal.invokers.TestMethodWorker.run(TestMethodWorker.java:128)
at java.base/java.util.ArrayList.forEach(ArrayList.java:1596)
at org.testng.TestRunner.privateRun(TestRunner.java:819)
at org.testng.TestRunner.run(TestRunner.java:619)
at org.testng.SuiteRunner.runTest(SuiteRunner.java:443)
at org.testng.SuiteRunner.runSequentially(SuiteRunner.java:437)
at org.testng.SuiteRunner.privateRun(SuiteRunner.java:397)
at org.testng.SuiteRunner.run(SuiteRunner.java:336)
at org.testng.SuiteRunnerWorker.runSuite(SuiteRunnerWorker.java:52)
at org.testng.SuiteRunnerWorker.run(SuiteRunnerWorker.java:95)
at org.testng.TestNG.runSuitesSequentially(TestNG.java:1301)
at org.testng.TestNG.runSuitesLocally(TestNG.java:1228)
at org.testng.TestNG.runSuites(TestNG.java:1134)
at org.testng.TestNG.run(TestNG.java:1101)
at org.testng.remote.AbstractRemoteTestNG.run(AbstractRemoteTestNG.java:115)
at org.testng.remote.RemoteTestNG.initAndRun(RemoteTestNG.java:251)
at org.testng.remote.RemoteTestNG.main(RemoteTestNG.java:77)
]]>
            </full-stacktrace>
          </exception> <!-- java.lang.AssertionError -->
          <reporter-output>
          </reporter-output>
        </test-method> <!-- testSelectById -->
        <test-method is-config="true" signature="tearDown()[pri:0, instance:TestNGDAO.TestDonHangChiTietDAO@67d18ed7]" started-at="2024-04-07T20:54:23 ICT" name="tearDown" finished-at="2024-04-07T20:54:23 ICT" duration-ms="0" status="PASS">
          <reporter-output>
          </reporter-output>
        </test-method> <!-- tearDown -->
        <test-method signature="testSelectByIdDH()[pri:0, instance:TestNGDAO.TestDonHangChiTietDAO@67d18ed7]" started-at="2024-04-07T20:54:23 ICT" name="testSelectByIdDH" description="Kiểm tra lấy các cột của bảng hóa đơn chi tiết theo mã đơn hàng" finished-at="2024-04-07T20:54:23 ICT" duration-ms="27" status="FAIL">
          <exception class="java.lang.AssertionError">
            <message>
              <![CDATA[expected [true] but found [false]]]>
            </message>
            <full-stacktrace>
              <![CDATA[java.lang.AssertionError: expected [true] but found [false]
at org.testng.Assert.fail(Assert.java:111)
at org.testng.Assert.failNotEquals(Assert.java:1578)
at org.testng.Assert.assertTrue(Assert.java:57)
at org.testng.Assert.assertTrue(Assert.java:67)
at TestNGDAO.TestDonHangChiTietDAO.testSelectByIdDH(TestDonHangChiTietDAO.java:146)
at java.base/jdk.internal.reflect.DirectMethodHandleAccessor.invoke(DirectMethodHandleAccessor.java:103)
at java.base/java.lang.reflect.Method.invoke(Method.java:580)
at org.testng.internal.invokers.MethodInvocationHelper.invokeMethod(MethodInvocationHelper.java:139)
at org.testng.internal.invokers.TestInvoker.invokeMethod(TestInvoker.java:664)
at org.testng.internal.invokers.TestInvoker.invokeTestMethod(TestInvoker.java:228)
at org.testng.internal.invokers.MethodRunner.runInSequence(MethodRunner.java:63)
at org.testng.internal.invokers.TestInvoker$MethodInvocationAgent.invoke(TestInvoker.java:961)
at org.testng.internal.invokers.TestInvoker.invokeTestMethods(TestInvoker.java:201)
at org.testng.internal.invokers.TestMethodWorker.invokeTestMethods(TestMethodWorker.java:148)
at org.testng.internal.invokers.TestMethodWorker.run(TestMethodWorker.java:128)
at java.base/java.util.ArrayList.forEach(ArrayList.java:1596)
at org.testng.TestRunner.privateRun(TestRunner.java:819)
at org.testng.TestRunner.run(TestRunner.java:619)
at org.testng.SuiteRunner.runTest(SuiteRunner.java:443)
at org.testng.SuiteRunner.runSequentially(SuiteRunner.java:437)
at org.testng.SuiteRunner.privateRun(SuiteRunner.java:397)
at org.testng.SuiteRunner.run(SuiteRunner.java:336)
at org.testng.SuiteRunnerWorker.runSuite(SuiteRunnerWorker.java:52)
at org.testng.SuiteRunnerWorker.run(SuiteRunnerWorker.java:95)
at org.testng.TestNG.runSuitesSequentially(TestNG.java:1301)
at org.testng.TestNG.runSuitesLocally(TestNG.java:1228)
at org.testng.TestNG.runSuites(TestNG.java:1134)
at org.testng.TestNG.run(TestNG.java:1101)
at org.testng.remote.AbstractRemoteTestNG.run(AbstractRemoteTestNG.java:115)
at org.testng.remote.RemoteTestNG.initAndRun(RemoteTestNG.java:251)
at org.testng.remote.RemoteTestNG.main(RemoteTestNG.java:77)
]]>
            </full-stacktrace>
          </exception> <!-- java.lang.AssertionError -->
          <reporter-output>
          </reporter-output>
        </test-method> <!-- testSelectByIdDH -->
        <test-method is-config="true" signature="setUp()[pri:0, instance:TestNGDAO.TestDonHangChiTietDAO@67d18ed7]" started-at="2024-04-07T20:54:23 ICT" name="setUp" finished-at="2024-04-07T20:54:23 ICT" duration-ms="0" status="PASS">
          <reporter-output>
          </reporter-output>
        </test-method> <!-- setUp -->
        <test-method is-config="true" signature="tearDown()[pri:0, instance:TestNGDAO.TestDonHangChiTietDAO@67d18ed7]" started-at="2024-04-07T20:54:23 ICT" name="tearDown" finished-at="2024-04-07T20:54:23 ICT" duration-ms="1" status="PASS">
          <reporter-output>
          </reporter-output>
        </test-method> <!-- tearDown -->
        <test-method signature="testUpdateWithEmptyModel()[pri:0, instance:TestNGDAO.TestDonHangChiTietDAO@67d18ed7]" started-at="2024-04-07T20:54:23 ICT" name="testUpdateWithEmptyModel" description="Kiểm thử cập nhật với mô hình trống" finished-at="2024-04-07T20:54:23 ICT" duration-ms="23" status="PASS">
          <reporter-output>
          </reporter-output>
        </test-method> <!-- testUpdateWithEmptyModel -->
        <test-method is-config="true" signature="setUp()[pri:0, instance:TestNGDAO.TestDonHangChiTietDAO@67d18ed7]" started-at="2024-04-07T20:54:23 ICT" name="setUp" finished-at="2024-04-07T20:54:23 ICT" duration-ms="0" status="PASS">
          <reporter-output>
          </reporter-output>
        </test-method> <!-- setUp -->
        <test-method is-config="true" signature="tearDown()[pri:0, instance:TestNGDAO.TestDonHangChiTietDAO@67d18ed7]" started-at="2024-04-07T20:54:23 ICT" name="tearDown" finished-at="2024-04-07T20:54:23 ICT" duration-ms="0" status="PASS">
          <reporter-output>
          </reporter-output>
        </test-method> <!-- tearDown -->
        <test-method signature="testUpdateWithNullModel()[pri:0, instance:TestNGDAO.TestDonHangChiTietDAO@67d18ed7]" started-at="2024-04-07T20:54:23 ICT" name="testUpdateWithNullModel" description="Kiểm thử cập nhật với mô hình null" finished-at="2024-04-07T20:54:23 ICT" duration-ms="22" status="PASS">
          <reporter-output>
          </reporter-output>
        </test-method> <!-- testUpdateWithNullModel -->
        <test-method is-config="true" signature="setUp()[pri:0, instance:TestNGDAO.TestDonHangChiTietDAO@67d18ed7]" started-at="2024-04-07T20:54:23 ICT" name="setUp" finished-at="2024-04-07T20:54:23 ICT" duration-ms="0" status="PASS">
          <reporter-output>
          </reporter-output>
        </test-method> <!-- setUp -->
        <test-method is-config="true" signature="tearDown()[pri:0, instance:TestNGDAO.TestDonHangChiTietDAO@67d18ed7]" started-at="2024-04-07T20:54:23 ICT" name="tearDown" finished-at="2024-04-07T20:54:23 ICT" duration-ms="0" status="PASS">
          <reporter-output>
          </reporter-output>
        </test-method> <!-- tearDown -->
        <test-method is-config="true" signature="setUp()[pri:0, instance:TestNGDAO.TestDonHangChiTietDAO@67d18ed7]" started-at="2024-04-07T20:54:23 ICT" name="setUp" finished-at="2024-04-07T20:54:23 ICT" duration-ms="1" status="PASS">
          <reporter-output>
          </reporter-output>
        </test-method> <!-- setUp -->
        <test-method signature="testUpdateWithValidModel()[pri:0, instance:TestNGDAO.TestDonHangChiTietDAO@67d18ed7]" started-at="2024-04-07T20:54:23 ICT" name="testUpdateWithValidModel" description="Kiểm thử cập nhật với mô hình hợp lệ" finished-at="2024-04-07T20:54:23 ICT" duration-ms="22" status="PASS">
          <reporter-output>
          </reporter-output>
        </test-method> <!-- testUpdateWithValidModel -->
        <test-method is-config="true" signature="tearDown()[pri:0, instance:TestNGDAO.TestDonHangChiTietDAO@67d18ed7]" started-at="2024-04-07T20:54:23 ICT" name="tearDown" finished-at="2024-04-07T20:54:23 ICT" duration-ms="1" status="PASS">
          <reporter-output>
          </reporter-output>
        </test-method> <!-- tearDown -->
      </class> <!-- TestNGDAO.TestDonHangChiTietDAO -->
    </test> <!-- Default test -->
  </suite> <!-- Default suite -->
</testng-results>
